{"/home/travis/build/npmtest/node-npmtest-forever-web/test.js":{"path":"/home/travis/build/npmtest/node-npmtest-forever-web/test.js","s":{"1":2,"2":2,"3":2,"4":2,"5":2,"6":2,"7":2,"8":1,"9":2,"10":2,"11":1,"12":1,"13":1,"14":1,"15":2,"16":2,"17":2,"18":2,"19":1,"20":1,"21":2,"22":2,"23":2,"24":1,"25":1,"26":1,"27":1,"28":1,"29":1,"30":1,"31":1,"32":1,"33":1,"34":1,"35":1,"36":1,"37":1,"38":1,"39":2,"40":2,"41":1,"42":2,"43":2,"44":1,"45":2,"46":2,"47":1,"48":2,"49":2,"50":1,"51":1,"52":1,"53":1,"54":1},"b":{"1":[2,1,1,1],"2":[1,1,1,1],"3":[1,1],"4":[1,1],"5":[1,1],"6":[1,1],"7":[1,1],"8":[1,1],"9":[1,1],"10":[1,1,1],"11":[1,1],"12":[1,1],"13":[1,1],"14":[1,1],"15":[1,1],"16":[1,1],"17":[1,1]},"f":{"1":2,"2":2,"3":2,"4":2,"5":2,"6":1,"7":1,"8":1,"9":2,"10":2,"11":2,"12":2,"13":1},"fnMap":{"1":{"name":"(anonymous_1)","line":12,"loc":{"start":{"line":12,"column":1},"end":{"line":12,"column":13}}},"2":{"name":"(anonymous_2)","line":19,"loc":{"start":{"line":19,"column":5},"end":{"line":19,"column":17}}},"3":{"name":"(anonymous_3)","line":23,"loc":{"start":{"line":23,"column":24},"end":{"line":23,"column":36}}},"4":{"name":"(anonymous_4)","line":61,"loc":{"start":{"line":61,"column":5},"end":{"line":61,"column":17}}},"5":{"name":"(anonymous_5)","line":82,"loc":{"start":{"line":82,"column":5},"end":{"line":82,"column":17}}},"6":{"name":"(anonymous_6)","line":91,"loc":{"start":{"line":91,"column":77},"end":{"line":94,"column":10}}},"7":{"name":"(anonymous_7)","line":112,"loc":{"start":{"line":112,"column":83},"end":{"line":115,"column":10}},"skip":true},"8":{"name":"(anonymous_8)","line":123,"loc":{"start":{"line":123,"column":77},"end":{"line":126,"column":10}},"skip":true},"9":{"name":"(anonymous_9)","line":139,"loc":{"start":{"line":139,"column":12},"end":{"line":139,"column":40}},"skip":true},"10":{"name":"(anonymous_10)","line":147,"loc":{"start":{"line":147,"column":77},"end":{"line":150,"column":10}},"skip":true},"11":{"name":"(anonymous_11)","line":158,"loc":{"start":{"line":158,"column":83},"end":{"line":161,"column":10}},"skip":true},"12":{"name":"(anonymous_12)","line":169,"loc":{"start":{"line":169,"column":79},"end":{"line":172,"column":10}},"skip":true},"13":{"name":"(anonymous_13)","line":180,"loc":{"start":{"line":180,"column":75},"end":{"line":183,"column":10}},"skip":true}},"statementMap":{"1":{"start":{"line":12,"column":0},"end":{"line":195,"column":5}},"2":{"start":{"line":14,"column":4},"end":{"line":14,"column":14}},"3":{"start":{"line":19,"column":4},"end":{"line":56,"column":9}},"4":{"start":{"line":21,"column":8},"end":{"line":21,"column":19}},"5":{"start":{"line":23,"column":8},"end":{"line":35,"column":13}},"6":{"start":{"line":24,"column":12},"end":{"line":34,"column":13}},"7":{"start":{"line":25,"column":16},"end":{"line":28,"column":30}},"8":{"start":{"line":30,"column":16},"end":{"line":33,"column":27}},"9":{"start":{"line":37,"column":8},"end":{"line":39,"column":21}},"10":{"start":{"line":40,"column":8},"end":{"line":53,"column":9}},"11":{"start":{"line":43,"column":12},"end":{"line":46,"column":14}},"12":{"start":{"line":47,"column":12},"end":{"line":47,"column":18}},"13":{"start":{"line":50,"column":12},"end":{"line":51,"column":46}},"14":{"start":{"line":52,"column":12},"end":{"line":52,"column":18}},"15":{"start":{"line":55,"column":8},"end":{"line":55,"column":35}},"16":{"start":{"line":61,"column":4},"end":{"line":63,"column":9}},"17":{"start":{"line":62,"column":8},"end":{"line":62,"column":15}},"18":{"start":{"line":64,"column":4},"end":{"line":77,"column":5}},"19":{"start":{"line":70,"column":8},"end":{"line":70,"column":14}},"20":{"start":{"line":76,"column":8},"end":{"line":76,"column":14}},"21":{"start":{"line":82,"column":4},"end":{"line":84,"column":9}},"22":{"start":{"line":83,"column":8},"end":{"line":83,"column":15}},"23":{"start":{"line":85,"column":4},"end":{"line":194,"column":5}},"24":{"start":{"line":91,"column":8},"end":{"line":99,"column":10}},"25":{"start":{"line":98,"column":12},"end":{"line":98,"column":35}},"26":{"start":{"line":102,"column":8},"end":{"line":104,"column":63}},"27":{"start":{"line":105,"column":8},"end":{"line":105,"column":14}},"28":{"start":{"line":112,"column":8},"end":{"line":121,"column":10},"skip":true},"29":{"start":{"line":119,"column":12},"end":{"line":119,"column":55},"skip":true},"30":{"start":{"line":120,"column":12},"end":{"line":120,"column":48},"skip":true},"31":{"start":{"line":123,"column":8},"end":{"line":136,"column":10},"skip":true},"32":{"start":{"line":130,"column":12},"end":{"line":130,"column":76},"skip":true},"33":{"start":{"line":131,"column":12},"end":{"line":131,"column":73},"skip":true},"34":{"start":{"line":132,"column":12},"end":{"line":132,"column":74},"skip":true},"35":{"start":{"line":133,"column":12},"end":{"line":133,"column":79},"skip":true},"36":{"start":{"line":134,"column":12},"end":{"line":134,"column":25},"skip":true},"37":{"start":{"line":135,"column":12},"end":{"line":135,"column":45},"skip":true},"38":{"start":{"line":138,"column":8},"end":{"line":145,"column":14},"skip":true},"39":{"start":{"line":143,"column":16},"end":{"line":143,"column":29},"skip":true},"40":{"start":{"line":144,"column":16},"end":{"line":144,"column":55},"skip":true},"41":{"start":{"line":147,"column":8},"end":{"line":156,"column":10},"skip":true},"42":{"start":{"line":154,"column":12},"end":{"line":154,"column":25},"skip":true},"43":{"start":{"line":155,"column":12},"end":{"line":155,"column":45},"skip":true},"44":{"start":{"line":158,"column":8},"end":{"line":167,"column":10},"skip":true},"45":{"start":{"line":165,"column":12},"end":{"line":165,"column":25},"skip":true},"46":{"start":{"line":166,"column":12},"end":{"line":166,"column":48},"skip":true},"47":{"start":{"line":169,"column":8},"end":{"line":178,"column":10},"skip":true},"48":{"start":{"line":176,"column":12},"end":{"line":176,"column":25},"skip":true},"49":{"start":{"line":177,"column":12},"end":{"line":177,"column":46},"skip":true},"50":{"start":{"line":180,"column":8},"end":{"line":189,"column":10},"skip":true},"51":{"start":{"line":187,"column":12},"end":{"line":187,"column":94},"skip":true},"52":{"start":{"line":188,"column":12},"end":{"line":188,"column":48},"skip":true},"53":{"start":{"line":192,"column":8},"end":{"line":192,"column":35},"skip":true},"54":{"start":{"line":193,"column":8},"end":{"line":193,"column":14},"skip":true}},"branchMap":{"1":{"line":25,"type":"binary-expr","locations":[{"start":{"line":25,"column":23},"end":{"line":25,"column":62}},{"start":{"line":26,"column":20},"end":{"line":26,"column":70}},{"start":{"line":27,"column":20},"end":{"line":27,"column":71}},{"start":{"line":28,"column":20},"end":{"line":28,"column":29}}]},"2":{"line":30,"type":"binary-expr","locations":[{"start":{"line":30,"column":23},"end":{"line":30,"column":37}},{"start":{"line":31,"column":20},"end":{"line":31,"column":61}},{"start":{"line":32,"column":20},"end":{"line":32,"column":70}},{"start":{"line":33,"column":20},"end":{"line":33,"column":26}}]},"3":{"line":37,"type":"cond-expr","locations":[{"start":{"line":38,"column":14},"end":{"line":38,"column":20}},{"start":{"line":39,"column":14},"end":{"line":39,"column":20}}]},"4":{"line":40,"type":"switch","locations":[{"start":{"line":42,"column":8},"end":{"line":47,"column":18}},{"start":{"line":49,"column":8},"end":{"line":52,"column":18}}]},"5":{"line":44,"type":"binary-expr","locations":[{"start":{"line":44,"column":16},"end":{"line":44,"column":44}},{"start":{"line":44,"column":48},"end":{"line":44,"column":66}}]},"6":{"line":50,"type":"binary-expr","locations":[{"start":{"line":50,"column":21},"end":{"line":50,"column":49}},{"start":{"line":50,"column":53},"end":{"line":50,"column":72}}]},"7":{"line":64,"type":"switch","locations":[{"start":{"line":69,"column":4},"end":{"line":70,"column":14}},{"start":{"line":75,"column":4},"end":{"line":76,"column":14}}]},"8":{"line":85,"type":"switch","locations":[{"start":{"line":90,"column":4},"end":{"line":105,"column":14}},{"start":{"line":111,"column":4},"end":{"line":193,"column":14},"skip":true}]},"9":{"line":91,"type":"binary-expr","locations":[{"start":{"line":91,"column":42},"end":{"line":91,"column":73}},{"start":{"line":91,"column":77},"end":{"line":99,"column":9}}]},"10":{"line":102,"type":"binary-expr","locations":[{"start":{"line":102,"column":18},"end":{"line":102,"column":32}},{"start":{"line":103,"column":12},"end":{"line":103,"column":53}},{"start":{"line":104,"column":12},"end":{"line":104,"column":61}}]},"11":{"line":112,"type":"binary-expr","locations":[{"start":{"line":112,"column":45},"end":{"line":112,"column":79},"skip":true},{"start":{"line":112,"column":83},"end":{"line":121,"column":9},"skip":true}]},"12":{"line":123,"type":"binary-expr","locations":[{"start":{"line":123,"column":42},"end":{"line":123,"column":73},"skip":true},{"start":{"line":123,"column":77},"end":{"line":136,"column":9},"skip":true}]},"13":{"line":138,"type":"binary-expr","locations":[{"start":{"line":138,"column":48},"end":{"line":138,"column":85},"skip":true},{"start":{"line":139,"column":12},"end":{"line":145,"column":13},"skip":true}]},"14":{"line":147,"type":"binary-expr","locations":[{"start":{"line":147,"column":42},"end":{"line":147,"column":73},"skip":true},{"start":{"line":147,"column":77},"end":{"line":156,"column":9},"skip":true}]},"15":{"line":158,"type":"binary-expr","locations":[{"start":{"line":158,"column":45},"end":{"line":158,"column":79},"skip":true},{"start":{"line":158,"column":83},"end":{"line":167,"column":9},"skip":true}]},"16":{"line":169,"type":"binary-expr","locations":[{"start":{"line":169,"column":43},"end":{"line":169,"column":75},"skip":true},{"start":{"line":169,"column":79},"end":{"line":178,"column":9},"skip":true}]},"17":{"line":180,"type":"binary-expr","locations":[{"start":{"line":180,"column":41},"end":{"line":180,"column":71},"skip":true},{"start":{"line":180,"column":75},"end":{"line":189,"column":9},"skip":true}]}},"code":["/* istanbul instrument in package npmtest_forever_web */","/*jslint","    bitwise: true,","    browser: true,","    maxerr: 8,","    maxlen: 96,","    node: true,","    nomen: true,","    regexp: true,","    stupid: true","*/","(function () {","    'use strict';","    var local;","","","","    // run shared js-env code - pre-init","    (function () {","        // init local","        local = {};","        // init modeJs","        local.modeJs = (function () {","            try {","                return typeof navigator.userAgent === 'string' &&","                    typeof document.querySelector('body') === 'object' &&","                    typeof XMLHttpRequest.prototype.open === 'function' &&","                    'browser';","            } catch (errorCaughtBrowser) {","                return module.exports &&","                    typeof process.versions.node === 'string' &&","                    typeof require('http').createServer === 'function' &&","                    'node';","            }","        }());","        // init global","        local.global = local.modeJs === 'browser'","            ? window","            : global;","        switch (local.modeJs) {","        // re-init local from window.local","        case 'browser':","            local = local.global.utility2.objectSetDefault(","                local.global.utility2_rollup || local.global.local,","                local.global.utility2","            );","            break;","        // re-init local from example.js","        case 'node':","            local = (local.global.utility2_rollup || require('utility2'))","                .requireExampleJsFromReadme();","            break;","        }","        // export local","        local.global.local = local;","    }());","","","","    // run shared js-env code - function","    (function () {","        return;","    }());","    switch (local.modeJs) {","","","","    // run browser js-env code - function","    case 'browser':","        break;","","","","    // run node js-env code - function","    case 'node':","        break;","    }","","","","    // run shared js-env code - post-init","    (function () {","        return;","    }());","    switch (local.modeJs) {","","","","    // run browser js-env code - post-init","    case 'browser':","        local.testCase_browser_nullCase = local.testCase_browser_nullCase || function (","            options,","            onError","        ) {","        /*","         * this function will test browsers's null-case handling-behavior-behavior","         */","            onError(null, options);","        };","","        // run tests","        local.nop(local.modeTest &&","            document.querySelector('#testRunButton1') &&","            document.querySelector('#testRunButton1').click());","        break;","","","","    // run node js-env code - post-init","    /* istanbul ignore next */","    case 'node':","        local.testCase_buildApidoc_default = local.testCase_buildApidoc_default || function (","            options,","            onError","        ) {","        /*","         * this function will test buildApidoc's default handling-behavior-behavior","         */","            options = { modulePathList: module.paths };","            local.buildApidoc(options, onError);","        };","","        local.testCase_buildApp_default = local.testCase_buildApp_default || function (","            options,","            onError","        ) {","        /*","         * this function will test buildApp's default handling-behavior-behavior","         */","            local.testCase_buildReadme_default(options, local.onErrorThrow);","            local.testCase_buildLib_default(options, local.onErrorThrow);","            local.testCase_buildTest_default(options, local.onErrorThrow);","            local.testCase_buildCustomOrg_default(options, local.onErrorThrow);","            options = [];","            local.buildApp(options, onError);","        };","","        local.testCase_buildCustomOrg_default = local.testCase_buildCustomOrg_default ||","            function (options, onError) {","            /*","             * this function will test buildCustomOrg's default handling-behavior","             */","                options = {};","                local.buildCustomOrg(options, onError);","            };","","        local.testCase_buildLib_default = local.testCase_buildLib_default || function (","            options,","            onError","        ) {","        /*","         * this function will test buildLib's default handling-behavior","         */","            options = {};","            local.buildLib(options, onError);","        };","","        local.testCase_buildReadme_default = local.testCase_buildReadme_default || function (","            options,","            onError","        ) {","        /*","         * this function will test buildReadme's default handling-behavior-behavior","         */","            options = {};","            local.buildReadme(options, onError);","        };","","        local.testCase_buildTest_default = local.testCase_buildTest_default || function (","            options,","            onError","        ) {","        /*","         * this function will test buildTest's default handling-behavior","         */","            options = {};","            local.buildTest(options, onError);","        };","","        local.testCase_webpage_default = local.testCase_webpage_default || function (","            options,","            onError","        ) {","        /*","         * this function will test webpage's default handling-behavior","         */","            options = { modeCoverageMerge: true, url: local.serverLocalHost + '?modeTest=1' };","            local.browserTest(options, onError);","        };","","        // run test-server","        local.testRunServer(local);","        break;","    }","}());",""],"l":{"12":2,"14":2,"19":2,"21":2,"23":2,"24":2,"25":2,"30":1,"37":2,"40":2,"43":1,"47":1,"50":1,"52":1,"55":2,"61":2,"62":2,"64":2,"70":1,"76":1,"82":2,"83":2,"85":2,"91":1,"98":1,"102":1,"105":1,"112":1,"119":1,"120":1,"123":1,"130":1,"131":1,"132":1,"133":1,"134":1,"135":1,"138":1,"143":2,"144":2,"147":1,"154":2,"155":2,"158":1,"165":2,"166":2,"169":1,"176":2,"177":2,"180":1,"187":1,"188":1,"192":1,"193":1}},"/home/travis/build/npmtest/node-npmtest-forever-web/lib.npmtest_forever_web.js":{"path":"/home/travis/build/npmtest/node-npmtest-forever-web/lib.npmtest_forever_web.js","s":{"1":2,"2":2,"3":2,"4":2,"5":2,"6":2,"7":2,"8":1,"9":2,"10":2,"11":2,"12":2,"13":1,"14":1,"15":1,"16":1},"b":{"1":[2,1,1,1],"2":[1,1,1,1],"3":[1,1],"4":[2,2],"5":[1,1]},"f":{"1":2,"2":2,"3":2},"fnMap":{"1":{"name":"(anonymous_1)","line":12,"loc":{"start":{"line":12,"column":1},"end":{"line":12,"column":13}}},"2":{"name":"(anonymous_2)","line":19,"loc":{"start":{"line":19,"column":5},"end":{"line":19,"column":17}}},"3":{"name":"(anonymous_3)","line":23,"loc":{"start":{"line":23,"column":24},"end":{"line":23,"column":36}}}},"statementMap":{"1":{"start":{"line":12,"column":0},"end":{"line":53,"column":5}},"2":{"start":{"line":14,"column":4},"end":{"line":14,"column":14}},"3":{"start":{"line":19,"column":4},"end":{"line":52,"column":9}},"4":{"start":{"line":21,"column":8},"end":{"line":21,"column":19}},"5":{"start":{"line":23,"column":8},"end":{"line":35,"column":13}},"6":{"start":{"line":24,"column":12},"end":{"line":34,"column":13}},"7":{"start":{"line":25,"column":16},"end":{"line":28,"column":30}},"8":{"start":{"line":30,"column":16},"end":{"line":33,"column":27}},"9":{"start":{"line":37,"column":8},"end":{"line":39,"column":21}},"10":{"start":{"line":41,"column":8},"end":{"line":41,"column":54}},"11":{"start":{"line":43,"column":8},"end":{"line":43,"column":56}},"12":{"start":{"line":45,"column":8},"end":{"line":51,"column":9}},"13":{"start":{"line":46,"column":12},"end":{"line":46,"column":62}},"14":{"start":{"line":48,"column":12},"end":{"line":48,"column":35}},"15":{"start":{"line":49,"column":12},"end":{"line":49,"column":49}},"16":{"start":{"line":50,"column":12},"end":{"line":50,"column":43}}},"branchMap":{"1":{"line":25,"type":"binary-expr","locations":[{"start":{"line":25,"column":23},"end":{"line":25,"column":62}},{"start":{"line":26,"column":20},"end":{"line":26,"column":70}},{"start":{"line":27,"column":20},"end":{"line":27,"column":71}},{"start":{"line":28,"column":20},"end":{"line":28,"column":29}}]},"2":{"line":30,"type":"binary-expr","locations":[{"start":{"line":30,"column":23},"end":{"line":30,"column":37}},{"start":{"line":31,"column":20},"end":{"line":31,"column":61}},{"start":{"line":32,"column":20},"end":{"line":32,"column":70}},{"start":{"line":33,"column":20},"end":{"line":33,"column":26}}]},"3":{"line":37,"type":"cond-expr","locations":[{"start":{"line":38,"column":14},"end":{"line":38,"column":20}},{"start":{"line":39,"column":14},"end":{"line":39,"column":20}}]},"4":{"line":41,"type":"binary-expr","locations":[{"start":{"line":41,"column":16},"end":{"line":41,"column":44}},{"start":{"line":41,"column":48},"end":{"line":41,"column":53}}]},"5":{"line":45,"type":"if","locations":[{"start":{"line":45,"column":8},"end":{"line":45,"column":8}},{"start":{"line":45,"column":8},"end":{"line":45,"column":8}}]}},"code":["/* istanbul instrument in package npmtest_forever_web */","/*jslint","    bitwise: true,","    browser: true,","    maxerr: 8,","    maxlen: 96,","    node: true,","    nomen: true,","    regexp: true,","    stupid: true","*/","(function () {","    'use strict';","    var local;","","","","    // run shared js-env code - pre-init","    (function () {","        // init local","        local = {};","        // init modeJs","        local.modeJs = (function () {","            try {","                return typeof navigator.userAgent === 'string' &&","                    typeof document.querySelector('body') === 'object' &&","                    typeof XMLHttpRequest.prototype.open === 'function' &&","                    'browser';","            } catch (errorCaughtBrowser) {","                return module.exports &&","                    typeof process.versions.node === 'string' &&","                    typeof require('http').createServer === 'function' &&","                    'node';","            }","        }());","        // init global","        local.global = local.modeJs === 'browser'","            ? window","            : global;","        // init utility2_rollup","        local = local.global.utility2_rollup || local;","        // init lib","        local.local = local.npmtest_forever_web = local;","        // init exports","        if (local.modeJs === 'browser') {","            local.global.utility2_npmtest_forever_web = local;","        } else {","            module.exports = local;","            module.exports.__dirname = __dirname;","            module.exports.module = module;","        }","    }());","}());",""],"l":{"12":2,"14":2,"19":2,"21":2,"23":2,"24":2,"25":2,"30":1,"37":2,"41":2,"43":2,"45":2,"46":1,"48":1,"49":1,"50":1}},"/home/travis/build/npmtest/node-npmtest-forever-web/example.js":{"path":"/home/travis/build/npmtest/node-npmtest-forever-web/example.js","s":{"1":2,"2":2,"3":2,"4":2,"5":2,"6":2,"7":2,"8":1,"9":2,"10":2,"11":2,"12":2,"13":1,"14":2,"15":2,"16":2,"17":2,"18":2,"19":0,"20":2,"21":1,"22":1,"23":1,"24":1,"25":1,"26":0,"27":0,"28":1,"29":1,"30":2,"31":0,"32":0,"33":0,"34":1,"35":2,"36":2,"37":3,"38":3,"39":3,"40":3,"41":0,"42":3,"43":3,"44":3,"45":1,"46":3,"47":1,"48":1,"49":1,"50":1,"51":1,"52":1,"53":1,"54":1,"55":1,"56":1,"57":0,"58":1,"59":6,"60":6,"61":1,"62":2,"63":0,"64":2,"65":1,"66":1,"67":0,"68":0,"69":0,"70":0,"71":0,"72":0,"73":0,"74":0,"75":0,"76":0,"77":0,"78":0,"79":0,"80":0,"81":0,"82":0,"83":0},"b":{"1":[2,1,1,1],"2":[1,1,1,1],"3":[1,1],"4":[2,2],"5":[1,1],"6":[1,1],"7":[2,0],"8":[2,1,1,1,1,1],"9":[0,2,0],"10":[1,1],"11":[2,1,1],"12":[1,0],"13":[0,2],"14":[2,0,0,0,0,0,0],"15":[0,3],"16":[3,0],"17":[1,1],"18":[0,1],"19":[1,2,0,2],"20":[1,0],"21":[1,1],"22":[0,0],"23":[0,0],"24":[0,0],"25":[0,0],"26":[0,0],"27":[0,0],"28":[0,0]},"f":{"1":2,"2":2,"3":2,"4":2,"5":2,"6":2,"7":3,"8":3,"9":3,"10":1,"11":6,"12":0},"fnMap":{"1":{"name":"(anonymous_1)","line":26,"loc":{"start":{"line":26,"column":1},"end":{"line":26,"column":13}}},"2":{"name":"(anonymous_2)","line":33,"loc":{"start":{"line":33,"column":5},"end":{"line":33,"column":17}}},"3":{"name":"(anonymous_3)","line":37,"loc":{"start":{"line":37,"column":24},"end":{"line":37,"column":36}}},"4":{"name":"(anonymous_4)","line":69,"loc":{"start":{"line":69,"column":31},"end":{"line":69,"column":48}},"skip":true},"5":{"name":"(anonymous_5)","line":78,"loc":{"start":{"line":78,"column":26},"end":{"line":78,"column":45}},"skip":true},"6":{"name":"(anonymous_6)","line":123,"loc":{"start":{"line":123,"column":33},"end":{"line":123,"column":48}},"skip":true},"7":{"name":"(anonymous_7)","line":125,"loc":{"start":{"line":125,"column":27},"end":{"line":125,"column":39}},"skip":true},"8":{"name":"(anonymous_8)","line":133,"loc":{"start":{"line":133,"column":59},"end":{"line":133,"column":74}},"skip":true},"9":{"name":"(anonymous_9)","line":143,"loc":{"start":{"line":143,"column":45},"end":{"line":143,"column":62}},"skip":true},"10":{"name":"(anonymous_10)","line":144,"loc":{"start":{"line":144,"column":73},"end":{"line":144,"column":92}},"skip":true},"11":{"name":"(anonymous_11)","line":272,"loc":{"start":{"line":272,"column":51},"end":{"line":272,"column":77}},"skip":true},"12":{"name":"(anonymous_12)","line":315,"loc":{"start":{"line":315,"column":32},"end":{"line":315,"column":61}},"skip":true}},"statementMap":{"1":{"start":{"line":26,"column":0},"end":{"line":326,"column":5}},"2":{"start":{"line":28,"column":4},"end":{"line":28,"column":14}},"3":{"start":{"line":33,"column":4},"end":{"line":60,"column":9}},"4":{"start":{"line":35,"column":8},"end":{"line":35,"column":19}},"5":{"start":{"line":37,"column":8},"end":{"line":49,"column":13}},"6":{"start":{"line":38,"column":12},"end":{"line":48,"column":13}},"7":{"start":{"line":39,"column":16},"end":{"line":42,"column":30}},"8":{"start":{"line":44,"column":16},"end":{"line":47,"column":27}},"9":{"start":{"line":51,"column":8},"end":{"line":53,"column":21}},"10":{"start":{"line":55,"column":8},"end":{"line":57,"column":45}},"11":{"start":{"line":59,"column":8},"end":{"line":59,"column":35}},"12":{"start":{"line":61,"column":4},"end":{"line":325,"column":5}},"13":{"start":{"line":69,"column":8},"end":{"line":121,"column":10},"skip":true},"14":{"start":{"line":70,"column":12},"end":{"line":88,"column":13},"skip":true},"15":{"start":{"line":76,"column":16},"end":{"line":87,"column":19},"skip":true},"16":{"start":{"line":79,"column":20},"end":{"line":86,"column":21},"skip":true},"17":{"start":{"line":82,"column":24},"end":{"line":82,"column":43},"skip":true},"18":{"start":{"line":83,"column":24},"end":{"line":83,"column":30},"skip":true},"19":{"start":{"line":85,"column":24},"end":{"line":85,"column":49},"skip":true},"20":{"start":{"line":89,"column":12},"end":{"line":107,"column":13},"skip":true},"21":{"start":{"line":92,"column":16},"end":{"line":102,"column":17},"skip":true},"22":{"start":{"line":93,"column":20},"end":{"line":93,"column":86},"skip":true},"23":{"start":{"line":94,"column":20},"end":{"line":95,"column":45},"skip":true},"24":{"start":{"line":96,"column":20},"end":{"line":96,"column":42},"skip":true},"25":{"start":{"line":97,"column":20},"end":{"line":97,"column":48},"skip":true},"26":{"start":{"line":100,"column":20},"end":{"line":100,"column":85},"skip":true},"27":{"start":{"line":101,"column":20},"end":{"line":101,"column":96},"skip":true},"28":{"start":{"line":103,"column":16},"end":{"line":103,"column":22},"skip":true},"29":{"start":{"line":106,"column":16},"end":{"line":106,"column":22},"skip":true},"30":{"start":{"line":108,"column":12},"end":{"line":120,"column":13},"skip":true},"31":{"start":{"line":114,"column":16},"end":{"line":119,"column":17},"skip":true},"32":{"start":{"line":116,"column":20},"end":{"line":116,"column":78},"skip":true},"33":{"start":{"line":118,"column":20},"end":{"line":118,"column":47},"skip":true},"34":{"start":{"line":123,"column":8},"end":{"line":141,"column":11},"skip":true},"35":{"start":{"line":124,"column":12},"end":{"line":124,"column":54},"skip":true},"36":{"start":{"line":125,"column":12},"end":{"line":140,"column":14},"skip":true},"37":{"start":{"line":126,"column":16},"end":{"line":126,"column":28},"skip":true},"38":{"start":{"line":127,"column":16},"end":{"line":127,"column":69},"skip":true},"39":{"start":{"line":128,"column":16},"end":{"line":128,"column":75},"skip":true},"40":{"start":{"line":129,"column":16},"end":{"line":131,"column":17},"skip":true},"41":{"start":{"line":130,"column":20},"end":{"line":130,"column":27},"skip":true},"42":{"start":{"line":133,"column":16},"end":{"line":137,"column":36},"skip":true},"43":{"start":{"line":134,"column":20},"end":{"line":136,"column":55},"skip":true},"44":{"start":{"line":139,"column":16},"end":{"line":139,"column":57},"skip":true},"45":{"start":{"line":143,"column":8},"end":{"line":147,"column":11},"skip":true},"46":{"start":{"line":144,"column":12},"end":{"line":146,"column":15},"skip":true},"47":{"start":{"line":145,"column":16},"end":{"line":145,"column":70},"skip":true},"48":{"start":{"line":149,"column":8},"end":{"line":149,"column":31},"skip":true},"49":{"start":{"line":150,"column":8},"end":{"line":150,"column":14},"skip":true},"50":{"start":{"line":158,"column":8},"end":{"line":158,"column":31},"skip":true},"51":{"start":{"line":160,"column":8},"end":{"line":160,"column":33},"skip":true},"52":{"start":{"line":161,"column":8},"end":{"line":161,"column":37},"skip":true},"53":{"start":{"line":162,"column":8},"end":{"line":162,"column":35},"skip":true},"54":{"start":{"line":164,"column":8},"end":{"line":164,"column":50},"skip":true},"55":{"start":{"line":166,"column":8},"end":{"line":256,"column":2},"skip":true},"56":{"start":{"line":258,"column":8},"end":{"line":286,"column":9},"skip":true},"57":{"start":{"line":259,"column":12},"end":{"line":269,"column":14},"skip":true},"58":{"start":{"line":271,"column":12},"end":{"line":285,"column":19},"skip":true},"59":{"start":{"line":274,"column":20},"end":{"line":274,"column":35},"skip":true},"60":{"start":{"line":275,"column":20},"end":{"line":284,"column":21},"skip":true},"61":{"start":{"line":277,"column":24},"end":{"line":277,"column":64},"skip":true},"62":{"start":{"line":279,"column":24},"end":{"line":279,"column":40},"skip":true},"63":{"start":{"line":281,"column":24},"end":{"line":281,"column":40},"skip":true},"64":{"start":{"line":283,"column":24},"end":{"line":283,"column":39},"skip":true},"65":{"start":{"line":288,"column":8},"end":{"line":290,"column":9},"skip":true},"66":{"start":{"line":289,"column":12},"end":{"line":289,"column":18},"skip":true},"67":{"start":{"line":291,"column":8},"end":{"line":293,"column":54},"skip":true},"68":{"start":{"line":296,"column":8},"end":{"line":301,"column":37},"skip":true},"69":{"start":{"line":303,"column":8},"end":{"line":303,"column":82},"skip":true},"70":{"start":{"line":306,"column":8},"end":{"line":308,"column":9},"skip":true},"71":{"start":{"line":307,"column":12},"end":{"line":307,"column":82},"skip":true},"72":{"start":{"line":310,"column":8},"end":{"line":312,"column":9},"skip":true},"73":{"start":{"line":311,"column":12},"end":{"line":311,"column":18},"skip":true},"74":{"start":{"line":313,"column":8},"end":{"line":313,"column":54},"skip":true},"75":{"start":{"line":314,"column":8},"end":{"line":314,"column":69},"skip":true},"76":{"start":{"line":315,"column":8},"end":{"line":323,"column":36},"skip":true},"77":{"start":{"line":316,"column":12},"end":{"line":316,"column":61},"skip":true},"78":{"start":{"line":317,"column":12},"end":{"line":320,"column":13},"skip":true},"79":{"start":{"line":318,"column":16},"end":{"line":318,"column":75},"skip":true},"80":{"start":{"line":319,"column":16},"end":{"line":319,"column":23},"skip":true},"81":{"start":{"line":321,"column":12},"end":{"line":321,"column":38},"skip":true},"82":{"start":{"line":322,"column":12},"end":{"line":322,"column":27},"skip":true},"83":{"start":{"line":324,"column":8},"end":{"line":324,"column":14},"skip":true}},"branchMap":{"1":{"line":39,"type":"binary-expr","locations":[{"start":{"line":39,"column":23},"end":{"line":39,"column":62}},{"start":{"line":40,"column":20},"end":{"line":40,"column":70}},{"start":{"line":41,"column":20},"end":{"line":41,"column":71}},{"start":{"line":42,"column":20},"end":{"line":42,"column":29}}]},"2":{"line":44,"type":"binary-expr","locations":[{"start":{"line":44,"column":23},"end":{"line":44,"column":37}},{"start":{"line":45,"column":20},"end":{"line":45,"column":61}},{"start":{"line":46,"column":20},"end":{"line":46,"column":70}},{"start":{"line":47,"column":20},"end":{"line":47,"column":26}}]},"3":{"line":51,"type":"cond-expr","locations":[{"start":{"line":52,"column":14},"end":{"line":52,"column":20}},{"start":{"line":53,"column":14},"end":{"line":53,"column":20}}]},"4":{"line":55,"type":"binary-expr","locations":[{"start":{"line":55,"column":16},"end":{"line":55,"column":44}},{"start":{"line":55,"column":49},"end":{"line":57,"column":43}}]},"5":{"line":55,"type":"cond-expr","locations":[{"start":{"line":56,"column":14},"end":{"line":56,"column":55}},{"start":{"line":57,"column":14},"end":{"line":57,"column":43}}]},"6":{"line":61,"type":"switch","locations":[{"start":{"line":68,"column":4},"end":{"line":150,"column":14},"skip":true},{"start":{"line":156,"column":4},"end":{"line":324,"column":14},"skip":true}]},"7":{"line":70,"type":"if","locations":[{"start":{"line":70,"column":12},"end":{"line":70,"column":12},"skip":true},{"start":{"line":70,"column":12},"end":{"line":70,"column":12},"skip":true}]},"8":{"line":70,"type":"binary-expr","locations":[{"start":{"line":70,"column":16},"end":{"line":70,"column":22},"skip":true},{"start":{"line":70,"column":27},"end":{"line":70,"column":32},"skip":true},{"start":{"line":71,"column":20},"end":{"line":71,"column":39},"skip":true},{"start":{"line":72,"column":20},"end":{"line":72,"column":49},"skip":true},{"start":{"line":73,"column":20},"end":{"line":73,"column":58},"skip":true},{"start":{"line":74,"column":20},"end":{"line":74,"column":69},"skip":true}]},"9":{"line":79,"type":"switch","locations":[{"start":{"line":80,"column":20},"end":{"line":80,"column":33},"skip":true},{"start":{"line":81,"column":20},"end":{"line":83,"column":30},"skip":true},{"start":{"line":84,"column":20},"end":{"line":85,"column":49},"skip":true}]},"10":{"line":89,"type":"switch","locations":[{"start":{"line":90,"column":12},"end":{"line":103,"column":22},"skip":true},{"start":{"line":105,"column":12},"end":{"line":106,"column":22},"skip":true}]},"11":{"line":89,"type":"binary-expr","locations":[{"start":{"line":89,"column":20},"end":{"line":89,"column":25},"skip":true},{"start":{"line":89,"column":29},"end":{"line":89,"column":48},"skip":true},{"start":{"line":89,"column":52},"end":{"line":89,"column":74},"skip":true}]},"12":{"line":92,"type":"if","locations":[{"start":{"line":92,"column":16},"end":{"line":92,"column":16},"skip":true},{"start":{"line":92,"column":16},"end":{"line":92,"column":16},"skip":true}]},"13":{"line":108,"type":"if","locations":[{"start":{"line":108,"column":12},"end":{"line":108,"column":12},"skip":true},{"start":{"line":108,"column":12},"end":{"line":108,"column":12},"skip":true}]},"14":{"line":108,"type":"binary-expr","locations":[{"start":{"line":108,"column":16},"end":{"line":108,"column":61},"skip":true},{"start":{"line":108,"column":66},"end":{"line":108,"column":72},"skip":true},{"start":{"line":108,"column":77},"end":{"line":108,"column":82},"skip":true},{"start":{"line":109,"column":20},"end":{"line":109,"column":39},"skip":true},{"start":{"line":110,"column":20},"end":{"line":110,"column":49},"skip":true},{"start":{"line":111,"column":20},"end":{"line":111,"column":58},"skip":true},{"start":{"line":112,"column":20},"end":{"line":112,"column":68},"skip":true}]},"15":{"line":129,"type":"if","locations":[{"start":{"line":129,"column":16},"end":{"line":129,"column":16},"skip":true},{"start":{"line":129,"column":16},"end":{"line":129,"column":16},"skip":true}]},"16":{"line":134,"type":"cond-expr","locations":[{"start":{"line":135,"column":26},"end":{"line":135,"column":29},"skip":true},{"start":{"line":136,"column":26},"end":{"line":136,"column":54},"skip":true}]},"17":{"line":164,"type":"binary-expr","locations":[{"start":{"line":164,"column":27},"end":{"line":164,"column":43},"skip":true},{"start":{"line":164,"column":47},"end":{"line":164,"column":49},"skip":true}]},"18":{"line":258,"type":"if","locations":[{"start":{"line":258,"column":8},"end":{"line":258,"column":8},"skip":true},{"start":{"line":258,"column":8},"end":{"line":258,"column":8},"skip":true}]},"19":{"line":275,"type":"switch","locations":[{"start":{"line":276,"column":20},"end":{"line":277,"column":64},"skip":true},{"start":{"line":278,"column":20},"end":{"line":279,"column":40},"skip":true},{"start":{"line":280,"column":20},"end":{"line":281,"column":40},"skip":true},{"start":{"line":282,"column":20},"end":{"line":283,"column":39},"skip":true}]},"20":{"line":288,"type":"if","locations":[{"start":{"line":288,"column":8},"end":{"line":288,"column":8},"skip":true},{"start":{"line":288,"column":8},"end":{"line":288,"column":8},"skip":true}]},"21":{"line":288,"type":"binary-expr","locations":[{"start":{"line":288,"column":12},"end":{"line":288,"column":40},"skip":true},{"start":{"line":288,"column":44},"end":{"line":288,"column":67},"skip":true}]},"22":{"line":292,"type":"binary-expr","locations":[{"start":{"line":292,"column":12},"end":{"line":292,"column":50},"skip":true},{"start":{"line":293,"column":12},"end":{"line":293,"column":53},"skip":true}]},"23":{"line":297,"type":"binary-expr","locations":[{"start":{"line":297,"column":12},"end":{"line":297,"column":69},"skip":true},{"start":{"line":298,"column":12},"end":{"line":301,"column":36},"skip":true}]},"24":{"line":303,"type":"binary-expr","locations":[{"start":{"line":303,"column":43},"end":{"line":303,"column":75},"skip":true},{"start":{"line":303,"column":79},"end":{"line":303,"column":81},"skip":true}]},"25":{"line":306,"type":"if","locations":[{"start":{"line":306,"column":8},"end":{"line":306,"column":8},"skip":true},{"start":{"line":306,"column":8},"end":{"line":306,"column":8},"skip":true}]},"26":{"line":310,"type":"if","locations":[{"start":{"line":310,"column":8},"end":{"line":310,"column":8},"skip":true},{"start":{"line":310,"column":8},"end":{"line":310,"column":8},"skip":true}]},"27":{"line":313,"type":"binary-expr","locations":[{"start":{"line":313,"column":27},"end":{"line":313,"column":43},"skip":true},{"start":{"line":313,"column":47},"end":{"line":313,"column":53},"skip":true}]},"28":{"line":317,"type":"if","locations":[{"start":{"line":317,"column":12},"end":{"line":317,"column":12},"skip":true},{"start":{"line":317,"column":12},"end":{"line":317,"column":12},"skip":true}]}},"code":["/*","example.js","","quickstart example","","instruction","    1. save this script as example.js","    2. run the shell command:","        $ npm install npmtest-forever-web && PORT=8081 node example.js","    3. play with the browser-demo on http://127.0.0.1:8081","*/","","","","/* istanbul instrument in package npmtest_forever_web */","/*jslint","    bitwise: true,","    browser: true,","    maxerr: 8,","    maxlen: 96,","    node: true,","    nomen: true,","    regexp: true,","    stupid: true","*/","(function () {","    'use strict';","    var local;","","","","    // run shared js-env code - pre-init","    (function () {","        // init local","        local = {};","        // init modeJs","        local.modeJs = (function () {","            try {","                return typeof navigator.userAgent === 'string' &&","                    typeof document.querySelector('body') === 'object' &&","                    typeof XMLHttpRequest.prototype.open === 'function' &&","                    'browser';","            } catch (errorCaughtBrowser) {","                return module.exports &&","                    typeof process.versions.node === 'string' &&","                    typeof require('http').createServer === 'function' &&","                    'node';","            }","        }());","        // init global","        local.global = local.modeJs === 'browser'","            ? window","            : global;","        // init utility2_rollup","        local = local.global.utility2_rollup || (local.modeJs === 'browser'","            ? local.global.utility2_npmtest_forever_web","            : global.utility2_moduleExports);","        // export local","        local.global.local = local;","    }());","    switch (local.modeJs) {","","","","    // post-init","    // run browser js-env code - post-init","    /* istanbul ignore next */","    case 'browser':","        local.testRunBrowser = function (event) {","            if (!event || (event &&","                    event.currentTarget &&","                    event.currentTarget.className &&","                    event.currentTarget.className.includes &&","                    event.currentTarget.className.includes('onreset'))) {","                // reset output","                Array.from(","                    document.querySelectorAll('body > .resettable')","                ).forEach(function (element) {","                    switch (element.tagName) {","                    case 'INPUT':","                    case 'TEXTAREA':","                        element.value = '';","                        break;","                    default:","                        element.textContent = '';","                    }","                });","            }","            switch (event && event.currentTarget && event.currentTarget.id) {","            case 'testRunButton1':","                // show tests","                if (document.querySelector('#testReportDiv1').style.display === 'none') {","                    document.querySelector('#testReportDiv1').style.display = 'block';","                    document.querySelector('#testRunButton1').textContent =","                        'hide internal test';","                    local.modeTest = true;","                    local.testRunDefault(local);","                // hide tests","                } else {","                    document.querySelector('#testReportDiv1').style.display = 'none';","                    document.querySelector('#testRunButton1').textContent = 'run internal test';","                }","                break;","            // custom-case","            default:","                break;","            }","            if (document.querySelector('#inputTextareaEval1') && (!event || (event &&","                    event.currentTarget &&","                    event.currentTarget.className &&","                    event.currentTarget.className.includes &&","                    event.currentTarget.className.includes('oneval')))) {","                // try to eval input-code","                try {","                    /*jslint evil: true*/","                    eval(document.querySelector('#inputTextareaEval1').value);","                } catch (errorCaught) {","                    console.error(errorCaught);","                }","            }","        };","        // log stderr and stdout to #outputTextareaStdout1","        ['error', 'log'].forEach(function (key) {","            console[key + '_original'] = console[key];","            console[key] = function () {","                var element;","                console[key + '_original'].apply(console, arguments);","                element = document.querySelector('#outputTextareaStdout1');","                if (!element) {","                    return;","                }","                // append text to #outputTextareaStdout1","                element.value += Array.from(arguments).map(function (arg) {","                    return typeof arg === 'string'","                        ? arg","                        : JSON.stringify(arg, null, 4);","                }).join(' ') + '\\n';","                // scroll textarea to bottom","                element.scrollTop = element.scrollHeight;","            };","        });","        // init event-handling","        ['change', 'click', 'keyup'].forEach(function (event) {","            Array.from(document.querySelectorAll('.on' + event)).forEach(function (element) {","                element.addEventListener(event, local.testRunBrowser);","            });","        });","        // run tests","        local.testRunBrowser();","        break;","","","","    // run node js-env code - post-init","    /* istanbul ignore next */","    case 'node':","        // export local","        module.exports = local;","        // require modules","        local.fs = require('fs');","        local.http = require('http');","        local.url = require('url');","        // init assets","        local.assetsDict = local.assetsDict || {};","        /* jslint-ignore-begin */","        local.assetsDict['/assets.index.template.html'] = '\\","<!doctype html>\\n\\","<html lang=\"en\">\\n\\","<head>\\n\\","<meta charset=\"UTF-8\">\\n\\","<meta name=\"viewport\" content=\"width=device-width, initial-scale=1\">\\n\\","<title>{{env.npm_package_name}} (v{{env.npm_package_version}})</title>\\n\\","<style>\\n\\","/*csslint\\n\\","    box-sizing: false,\\n\\","    universal-selector: false\\n\\","*/\\n\\","* {\\n\\","    box-sizing: border-box;\\n\\","}\\n\\","body {\\n\\","    background: #dde;\\n\\","    font-family: Arial, Helvetica, sans-serif;\\n\\","    margin: 2rem;\\n\\","}\\n\\","body > * {\\n\\","    margin-bottom: 1rem;\\n\\","}\\n\\",".utility2FooterDiv {\\n\\","    margin-top: 20px;\\n\\","    text-align: center;\\n\\","}\\n\\","</style>\\n\\","<style>\\n\\","/*csslint\\n\\","*/\\n\\","textarea {\\n\\","    font-family: monospace;\\n\\","    height: 10rem;\\n\\","    width: 100%;\\n\\","}\\n\\","textarea[readonly] {\\n\\","    background: #ddd;\\n\\","}\\n\\","</style>\\n\\","</head>\\n\\","<body>\\n\\","<!-- utility2-comment\\n\\","<div id=\"ajaxProgressDiv1\" style=\"background: #d00; height: 2px; left: 0; margin: 0; padding: 0; position: fixed; top: 0; transition: background 0.5s, width 1.5s; width: 25%;\"></div>\\n\\","utility2-comment -->\\n\\","<h1>\\n\\","<!-- utility2-comment\\n\\","    <a\\n\\","        {{#if env.npm_package_homepage}}\\n\\","        href=\"{{env.npm_package_homepage}}\"\\n\\","        {{/if env.npm_package_homepage}}\\n\\","        target=\"_blank\"\\n\\","    >\\n\\","utility2-comment -->\\n\\","        {{env.npm_package_name}} (v{{env.npm_package_version}})\\n\\","<!-- utility2-comment\\n\\","    </a>\\n\\","utility2-comment -->\\n\\","</h1>\\n\\","<h3>{{env.npm_package_description}}</h3>\\n\\","<!-- utility2-comment\\n\\","<h4><a download href=\"assets.app.js\">download standalone app</a></h4>\\n\\","<button class=\"onclick onreset\" id=\"testRunButton1\">run internal test</button><br>\\n\\","<div id=\"testReportDiv1\" style=\"display: none;\"></div>\\n\\","utility2-comment -->\\n\\","\\n\\","\\n\\","\\n\\","<label>stderr and stdout</label>\\n\\","<textarea class=\"resettable\" id=\"outputTextareaStdout1\" readonly></textarea>\\n\\","<!-- utility2-comment\\n\\","{{#if isRollup}}\\n\\","<script src=\"assets.app.js\"></script>\\n\\","{{#unless isRollup}}\\n\\","utility2-comment -->\\n\\","<script src=\"assets.utility2.rollup.js\"></script>\\n\\","<script src=\"jsonp.utility2._stateInit?callback=window.utility2._stateInit\"></script>\\n\\","<script src=\"assets.npmtest_forever_web.rollup.js\"></script>\\n\\","<script src=\"assets.example.js\"></script>\\n\\","<script src=\"assets.test.js\"></script>\\n\\","<!-- utility2-comment\\n\\","{{/if isRollup}}\\n\\","utility2-comment -->\\n\\","<div class=\"utility2FooterDiv\">\\n\\","    [ this app was created with\\n\\","    <a href=\"https://github.com/kaizhu256/node-utility2\" target=\"_blank\">utility2</a>\\n\\","    ]\\n\\","</div>\\n\\","</body>\\n\\","</html>\\n\\","';","        /* jslint-ignore-end */","        if (local.templateRender) {","            local.assetsDict['/'] = local.templateRender(","                local.assetsDict['/assets.index.template.html'],","                {","                    env: local.objectSetDefault(local.env, {","                        npm_package_description: 'the greatest app in the world!',","                        npm_package_name: 'my-app',","                        npm_package_nameAlias: 'my_app',","                        npm_package_version: '0.0.1'","                    })","                }","            );","        } else {","            local.assetsDict['/'] = local.assetsDict['/assets.index.template.html']","                .replace((/\\{\\{env\\.(\\w+?)\\}\\}/g), function (match0, match1) {","                    // jslint-hack","                    String(match0);","                    switch (match1) {","                    case 'npm_package_description':","                        return 'the greatest app in the world!';","                    case 'npm_package_name':","                        return 'my-app';","                    case 'npm_package_nameAlias':","                        return 'my_app';","                    case 'npm_package_version':","                        return '0.0.1';","                    }","                });","        }","        // run the cli","        if (local.global.utility2_rollup || module !== require.main) {","            break;","        }","        local.assetsDict['/assets.example.js'] =","            local.assetsDict['/assets.example.js'] ||","            local.fs.readFileSync(__filename, 'utf8');","        // bug-workaround - long $npm_package_buildCustomOrg","        /* jslint-ignore-begin */","        local.assetsDict['/assets.npmtest_forever_web.rollup.js'] =","            local.assetsDict['/assets.npmtest_forever_web.rollup.js'] ||","            local.fs.readFileSync(","                local.npmtest_forever_web.__dirname + '/lib.npmtest_forever_web.js',","                'utf8'","            ).replace((/^#!/), '//');","        /* jslint-ignore-end */","        local.assetsDict['/favicon.ico'] = local.assetsDict['/favicon.ico'] || '';","        // if $npm_config_timeout_exit exists,","        // then exit this process after $npm_config_timeout_exit ms","        if (Number(process.env.npm_config_timeout_exit)) {","            setTimeout(process.exit, Number(process.env.npm_config_timeout_exit));","        }","        // start server","        if (local.global.utility2_serverHttp1) {","            break;","        }","        process.env.PORT = process.env.PORT || '8081';","        console.error('server starting on port ' + process.env.PORT);","        local.http.createServer(function (request, response) {","            request.urlParsed = local.url.parse(request.url);","            if (local.assetsDict[request.urlParsed.pathname] !== undefined) {","                response.end(local.assetsDict[request.urlParsed.pathname]);","                return;","            }","            response.statusCode = 404;","            response.end();","        }).listen(process.env.PORT);","        break;","    }","}());",""],"l":{"26":2,"28":2,"33":2,"35":2,"37":2,"38":2,"39":2,"44":1,"51":2,"55":2,"59":2,"61":2,"69":1,"70":2,"76":2,"79":2,"82":2,"83":2,"85":1,"89":2,"92":1,"93":1,"94":1,"96":1,"97":1,"100":1,"101":1,"103":1,"106":1,"108":2,"114":1,"116":1,"118":1,"123":1,"124":2,"125":2,"126":3,"127":3,"128":3,"129":3,"130":1,"133":3,"134":3,"139":3,"143":1,"144":3,"145":1,"149":1,"150":1,"158":1,"160":1,"161":1,"162":1,"164":1,"166":1,"258":1,"259":1,"271":1,"274":6,"275":6,"277":1,"279":2,"281":1,"283":2,"288":1,"289":1,"291":1,"296":1,"303":1,"306":1,"307":1,"310":1,"311":1,"313":1,"314":1,"315":1,"316":1,"317":1,"318":1,"319":1,"321":1,"322":1,"324":1}},"/home/travis/build/npmtest/node-npmtest-forever-web/node_modules/forever-web/bin/fw":{"path":"/home/travis/build/npmtest/node-npmtest-forever-web/node_modules/forever-web/bin/fw","s":{"1":2,"2":0,"3":0,"4":0,"5":0,"6":0,"7":0,"8":0,"9":0,"10":1,"11":0,"12":0,"13":0,"14":0,"15":0,"16":0,"17":0,"18":0,"19":0,"20":0,"21":0,"22":0,"23":0,"24":0,"25":0,"26":0,"27":0,"28":0,"29":0,"30":0,"31":0,"32":0},"b":{"1":[0,0],"2":[0,0],"3":[0,0]},"f":{"1":0,"2":0,"3":0,"4":0,"5":0,"6":0,"7":0},"fnMap":{"1":{"name":"(anonymous_1)","line":14,"loc":{"start":{"line":14,"column":23},"end":{"line":14,"column":33}}},"2":{"name":"(anonymous_2)","line":23,"loc":{"start":{"line":23,"column":19},"end":{"line":23,"column":29}}},"3":{"name":"(anonymous_3)","line":32,"loc":{"start":{"line":32,"column":10},"end":{"line":32,"column":29}}},"4":{"name":"showConfigs","line":38,"loc":{"start":{"line":38,"column":0},"end":{"line":38,"column":30}}},"5":{"name":"(anonymous_5)","line":55,"loc":{"start":{"line":55,"column":10},"end":{"line":55,"column":35}}},"6":{"name":"(anonymous_6)","line":57,"loc":{"start":{"line":57,"column":75},"end":{"line":57,"column":86}}},"7":{"name":"(anonymous_7)","line":66,"loc":{"start":{"line":66,"column":10},"end":{"line":66,"column":28}}}},"statementMap":{"1":{"start":{"line":3,"column":0},"end":{"line":9,"column":40}},"2":{"start":{"line":11,"column":0},"end":{"line":12,"column":28}},"3":{"start":{"line":14,"column":0},"end":{"line":22,"column":3}},"4":{"start":{"line":15,"column":2},"end":{"line":21,"column":4}},"5":{"start":{"line":23,"column":0},"end":{"line":25,"column":2}},"6":{"start":{"line":24,"column":2},"end":{"line":24,"column":25}},"7":{"start":{"line":29,"column":0},"end":{"line":34,"column":5}},"8":{"start":{"line":33,"column":4},"end":{"line":33,"column":31}},"9":{"start":{"line":37,"column":0},"end":{"line":37,"column":56}},"10":{"start":{"line":38,"column":0},"end":{"line":47,"column":1}},"11":{"start":{"line":39,"column":2},"end":{"line":41,"column":3}},"12":{"start":{"line":40,"column":4},"end":{"line":40,"column":21}},"13":{"start":{"line":42,"column":2},"end":{"line":42,"column":47}},"14":{"start":{"line":43,"column":2},"end":{"line":45,"column":3}},"15":{"start":{"line":44,"column":4},"end":{"line":44,"column":74}},"16":{"start":{"line":46,"column":2},"end":{"line":46,"column":22}},"17":{"start":{"line":49,"column":0},"end":{"line":51,"column":23}},"18":{"start":{"line":53,"column":0},"end":{"line":62,"column":5}},"19":{"start":{"line":56,"column":4},"end":{"line":58,"column":5}},"20":{"start":{"line":57,"column":6},"end":{"line":57,"column":131}},"21":{"start":{"line":57,"column":88},"end":{"line":57,"column":118}},"22":{"start":{"line":59,"column":4},"end":{"line":59,"column":24}},"23":{"start":{"line":60,"column":4},"end":{"line":60,"column":27}},"24":{"start":{"line":61,"column":4},"end":{"line":61,"column":26}},"25":{"start":{"line":64,"column":0},"end":{"line":70,"column":5}},"26":{"start":{"line":67,"column":4},"end":{"line":67,"column":24}},"27":{"start":{"line":68,"column":4},"end":{"line":68,"column":26}},"28":{"start":{"line":69,"column":4},"end":{"line":69,"column":26}},"29":{"start":{"line":72,"column":0},"end":{"line":72,"column":30}},"30":{"start":{"line":74,"column":0},"end":{"line":77,"column":1}},"31":{"start":{"line":75,"column":2},"end":{"line":75,"column":25}},"32":{"start":{"line":76,"column":2},"end":{"line":76,"column":18}}},"branchMap":{"1":{"line":39,"type":"if","locations":[{"start":{"line":39,"column":2},"end":{"line":39,"column":2}},{"start":{"line":39,"column":2},"end":{"line":39,"column":2}}]},"2":{"line":56,"type":"if","locations":[{"start":{"line":56,"column":4},"end":{"line":56,"column":4}},{"start":{"line":56,"column":4},"end":{"line":56,"column":4}}]},"3":{"line":74,"type":"if","locations":[{"start":{"line":74,"column":0},"end":{"line":74,"column":0}},{"start":{"line":74,"column":0},"end":{"line":74,"column":0}}]}},"code":["//#!/usr/bin/env node","","var commander = require('commander'),","    path      = p = require('path'),","    chalk     = require('chalk'),","    _         = require('lodash'),","    pkg       = require('../package.json'),","    Monitor       = require('../lib/mon'),","    interface = require('../web/index');","","commander.version(pkg.version, '-v, --version')","  .usage('[cmd] [options]');","","commander.on('--help', function(){","  console.log('  Basic Examples:\\n\\n' +","    '    Start the web server, by default port (8088):\\n' +","    chalk.grey('    $ fw start\\n') +","    '\\n' +","    '    Start the web server, by specific port (8090):\\n' +","    chalk.grey('    $ fw start 8090\\n')","  );","});","commander.on('-c', function(){","  console.log(arguments);","})","","","// Web interface","commander.command('start [port]')","  .option('--no-debug', 'hide stdout/stderr information')","  .description('Launch the web server, port default by 8088')","  .action(function(port, cmd){","    interface(port, cmd.debug);","  });","","// Configuration","var acceptKeys = ['forever', 'refresh', 'manipulation'];","function showConfigs(cmd, mon){","  if(!mon){","    mon =  Monitor();","  }","  var storage = mon._config.store, prints = '';","  for(var k in storage){","    prints += chalk.bold(k + ': ') + '\\t' + chalk.blue(storage[k] + '\\n');","  }","  console.log(prints);","}","","commander.command('config')","  .description('show all configs')","  .action(showConfigs);","","commander.command('set <key> <value>')","  .description('set config by key-value pairs')","  .action(function(key, value, cmd){","    if(!~acceptKeys.indexOf(key)){","      return console.log('key could only be one of below:', acceptKeys.map(function(m){ return '\\n' + chalk.magenta(m)}).join(''));","    }","    var mon = Monitor();","    mon.config(key, value);","    showConfigs(cmd, mon);","  });","","commander.command('rm <key>')","  .description('remove config by key')","  .action(function(key, cmd){","    var mon = Monitor();","    mon.config(key, null);","    showConfigs(cmd, mon);","  });","","commander.parse(process.argv);","","if (process.argv.length == 2) {","  commander.outputHelp();","  process.exit(0);","}"],"l":{"3":2,"11":0,"14":0,"15":0,"23":0,"24":0,"29":0,"33":0,"37":0,"38":1,"39":0,"40":0,"42":0,"43":0,"44":0,"46":0,"49":0,"53":0,"56":0,"57":0,"59":0,"60":0,"61":0,"64":0,"67":0,"68":0,"69":0,"72":0,"74":0,"75":0,"76":0}},"/home/travis/build/npmtest/node-npmtest-forever-web/node_modules/forever-web/lib/mon.js":{"path":"/home/travis/build/npmtest/node-npmtest-forever-web/node_modules/forever-web/lib/mon.js","s":{"1":4,"2":0,"3":1,"4":0,"5":0,"6":0,"7":0,"8":0,"9":0,"10":0,"11":0,"12":0,"13":0,"14":0,"15":0,"16":0,"17":0,"18":0,"19":0,"20":0,"21":0,"22":0,"23":0,"24":0,"25":0,"26":0,"27":0,"28":0,"29":0,"30":0,"31":0,"32":0,"33":0,"34":0,"35":0,"36":0,"37":0,"38":0,"39":0,"40":0,"41":0,"42":0,"43":0,"44":0,"45":0,"46":0,"47":0,"48":0,"49":0,"50":0,"51":0,"52":0,"53":0,"54":0,"55":0,"56":0,"57":0,"58":0,"59":0,"60":0,"61":0,"62":0,"63":0,"64":0,"65":0,"66":0,"67":0,"68":0,"69":0,"70":0,"71":0,"72":0,"73":0,"74":0,"75":0,"76":0,"77":1,"78":0,"79":0,"80":0,"81":0,"82":0,"83":0,"84":1,"85":0,"86":0,"87":0,"88":0,"89":0,"90":0,"91":0,"92":0,"93":0,"94":0,"95":0,"96":0,"97":0,"98":0,"99":0,"100":0,"101":0,"102":1,"103":0,"104":0,"105":0,"106":0,"107":0,"108":0,"109":0,"110":0,"111":0,"112":0,"113":0,"114":0,"115":0,"116":0,"117":0,"118":0,"119":0,"120":0,"121":0,"122":0,"123":0,"124":0,"125":0,"126":0,"127":0,"128":0,"129":0,"130":0,"131":0,"132":0,"133":0,"134":0,"135":0,"136":0,"137":0,"138":0,"139":0,"140":0,"141":0,"142":0,"143":0,"144":0,"145":0,"146":0,"147":0,"148":0,"149":0,"150":0,"151":0,"152":0,"153":0,"154":0,"155":0,"156":0},"b":{"1":[0,0],"2":[0,0],"3":[0,0],"4":[0,0],"5":[0,0],"6":[0,0],"7":[0,0,0],"8":[0,0],"9":[0,0,0],"10":[0,0],"11":[0,0],"12":[0,0],"13":[0,0],"14":[0,0],"15":[0,0],"16":[0,0],"17":[0,0],"18":[0,0],"19":[0,0],"20":[0,0],"21":[0,0],"22":[0,0],"23":[0,0],"24":[0,0],"25":[0,0],"26":[0,0],"27":[0,0],"28":[0,0],"29":[0,0],"30":[0,0],"31":[0,0],"32":[0,0],"33":[0,0],"34":[0,0],"35":[0,0],"36":[0,0],"37":[0,0],"38":[0,0],"39":[0,0],"40":[0,0],"41":[0,0],"42":[0,0],"43":[0,0],"44":[0,0],"45":[0,0],"46":[0,0],"47":[0,0],"48":[0,0]},"f":{"1":0,"2":0,"3":0,"4":0,"5":0,"6":0,"7":0,"8":0,"9":0,"10":0,"11":0,"12":0,"13":0,"14":0,"15":0,"16":0,"17":0,"18":0,"19":0,"20":0,"21":0,"22":0,"23":0,"24":0,"25":0,"26":0},"fnMap":{"1":{"name":"Monitor","line":20,"loc":{"start":{"line":20,"column":0},"end":{"line":20,"column":25}}},"2":{"name":"(anonymous_2)","line":33,"loc":{"start":{"line":33,"column":26},"end":{"line":33,"column":43}}},"3":{"name":"(anonymous_3)","line":86,"loc":{"start":{"line":86,"column":27},"end":{"line":86,"column":47}}},"4":{"name":"(anonymous_4)","line":125,"loc":{"start":{"line":125,"column":24},"end":{"line":125,"column":34}}},"5":{"name":"(anonymous_5)","line":144,"loc":{"start":{"line":144,"column":33},"end":{"line":144,"column":49}}},"6":{"name":"(anonymous_6)","line":147,"loc":{"start":{"line":147,"column":26},"end":{"line":147,"column":36}}},"7":{"name":"(anonymous_7)","line":157,"loc":{"start":{"line":157,"column":22},"end":{"line":157,"column":42}}},"8":{"name":"(anonymous_8)","line":158,"loc":{"start":{"line":158,"column":69},"end":{"line":158,"column":88}}},"9":{"name":"(anonymous_9)","line":181,"loc":{"start":{"line":181,"column":30},"end":{"line":181,"column":51}}},"10":{"name":"broadcast","line":200,"loc":{"start":{"line":200,"column":2},"end":{"line":200,"column":26}}},"11":{"name":"emitError","line":211,"loc":{"start":{"line":211,"column":2},"end":{"line":211,"column":25}}},"12":{"name":"(anonymous_12)","line":223,"loc":{"start":{"line":223,"column":25},"end":{"line":223,"column":45}}},"13":{"name":"(anonymous_13)","line":230,"loc":{"start":{"line":230,"column":21},"end":{"line":230,"column":35}}},"14":{"name":"(anonymous_14)","line":235,"loc":{"start":{"line":235,"column":16},"end":{"line":235,"column":35}}},"15":{"name":"(anonymous_15)","line":251,"loc":{"start":{"line":251,"column":35},"end":{"line":251,"column":58}}},"16":{"name":"destroyTail","line":255,"loc":{"start":{"line":255,"column":2},"end":{"line":255,"column":33}}},"17":{"name":"(anonymous_17)","line":291,"loc":{"start":{"line":291,"column":30},"end":{"line":291,"column":58}}},"18":{"name":"(anonymous_18)","line":300,"loc":{"start":{"line":300,"column":19},"end":{"line":300,"column":29}}},"19":{"name":"(anonymous_19)","line":316,"loc":{"start":{"line":316,"column":32},"end":{"line":316,"column":44}}},"20":{"name":"(anonymous_20)","line":317,"loc":{"start":{"line":317,"column":16},"end":{"line":317,"column":40}}},"21":{"name":"(anonymous_21)","line":336,"loc":{"start":{"line":336,"column":32},"end":{"line":336,"column":42}}},"22":{"name":"(anonymous_22)","line":354,"loc":{"start":{"line":354,"column":15},"end":{"line":354,"column":29}}},"23":{"name":"(anonymous_23)","line":361,"loc":{"start":{"line":361,"column":32},"end":{"line":361,"column":45}}},"24":{"name":"(anonymous_24)","line":372,"loc":{"start":{"line":372,"column":34},"end":{"line":372,"column":52}}},"25":{"name":"(anonymous_25)","line":373,"loc":{"start":{"line":373,"column":20},"end":{"line":373,"column":40}}},"26":{"name":"(anonymous_26)","line":389,"loc":{"start":{"line":389,"column":31},"end":{"line":389,"column":52}}}},"statementMap":{"1":{"start":{"line":1,"column":0},"end":{"line":10,"column":31}},"2":{"start":{"line":12,"column":0},"end":{"line":12,"column":25}},"3":{"start":{"line":20,"column":0},"end":{"line":27,"column":1}},"4":{"start":{"line":21,"column":2},"end":{"line":23,"column":3}},"5":{"start":{"line":22,"column":4},"end":{"line":22,"column":32}},"6":{"start":{"line":26,"column":2},"end":{"line":26,"column":22}},"7":{"start":{"line":33,"column":0},"end":{"line":74,"column":2}},"8":{"start":{"line":34,"column":2},"end":{"line":34,"column":26}},"9":{"start":{"line":36,"column":2},"end":{"line":39,"column":5}},"10":{"start":{"line":42,"column":2},"end":{"line":42,"column":139}},"11":{"start":{"line":45,"column":2},"end":{"line":47,"column":3}},"12":{"start":{"line":46,"column":4},"end":{"line":46,"column":104}},"13":{"start":{"line":49,"column":2},"end":{"line":49,"column":36}},"14":{"start":{"line":52,"column":2},"end":{"line":55,"column":3}},"15":{"start":{"line":53,"column":4},"end":{"line":53,"column":34}},"16":{"start":{"line":54,"column":4},"end":{"line":54,"column":26}},"17":{"start":{"line":58,"column":2},"end":{"line":58,"column":25}},"18":{"start":{"line":59,"column":2},"end":{"line":59,"column":30}},"19":{"start":{"line":62,"column":2},"end":{"line":62,"column":100}},"20":{"start":{"line":65,"column":2},"end":{"line":65,"column":106}},"21":{"start":{"line":66,"column":2},"end":{"line":66,"column":78}},"22":{"start":{"line":67,"column":2},"end":{"line":67,"column":101}},"23":{"start":{"line":70,"column":2},"end":{"line":73,"column":5}},"24":{"start":{"line":86,"column":0},"end":{"line":120,"column":2}},"25":{"start":{"line":87,"column":2},"end":{"line":89,"column":3}},"26":{"start":{"line":88,"column":4},"end":{"line":88,"column":11}},"27":{"start":{"line":91,"column":2},"end":{"line":91,"column":26}},"28":{"start":{"line":93,"column":2},"end":{"line":107,"column":3}},"29":{"start":{"line":95,"column":4},"end":{"line":95,"column":33}},"30":{"start":{"line":96,"column":9},"end":{"line":107,"column":3}},"31":{"start":{"line":98,"column":4},"end":{"line":98,"column":28}},"32":{"start":{"line":100,"column":4},"end":{"line":104,"column":5}},"33":{"start":{"line":101,"column":6},"end":{"line":101,"column":19}},"34":{"start":{"line":102,"column":11},"end":{"line":104,"column":5}},"35":{"start":{"line":103,"column":6},"end":{"line":103,"column":19}},"36":{"start":{"line":105,"column":4},"end":{"line":105,"column":42}},"37":{"start":{"line":106,"column":4},"end":{"line":106,"column":35}},"38":{"start":{"line":110,"column":2},"end":{"line":116,"column":3}},"39":{"start":{"line":111,"column":4},"end":{"line":115,"column":5}},"40":{"start":{"line":112,"column":6},"end":{"line":112,"column":32}},"41":{"start":{"line":113,"column":11},"end":{"line":115,"column":5}},"42":{"start":{"line":114,"column":6},"end":{"line":114,"column":32}},"43":{"start":{"line":117,"column":2},"end":{"line":117,"column":31}},"44":{"start":{"line":119,"column":2},"end":{"line":119,"column":26}},"45":{"start":{"line":125,"column":0},"end":{"line":137,"column":1}},"46":{"start":{"line":126,"column":2},"end":{"line":128,"column":3}},"47":{"start":{"line":127,"column":4},"end":{"line":127,"column":11}},"48":{"start":{"line":129,"column":2},"end":{"line":129,"column":24}},"49":{"start":{"line":131,"column":2},"end":{"line":131,"column":19}},"50":{"start":{"line":133,"column":2},"end":{"line":133,"column":21}},"51":{"start":{"line":136,"column":2},"end":{"line":136,"column":62}},"52":{"start":{"line":144,"column":0},"end":{"line":173,"column":1}},"53":{"start":{"line":146,"column":2},"end":{"line":146,"column":25}},"54":{"start":{"line":147,"column":2},"end":{"line":150,"column":16}},"55":{"start":{"line":149,"column":4},"end":{"line":149,"column":65}},"56":{"start":{"line":153,"column":2},"end":{"line":153,"column":60}},"57":{"start":{"line":154,"column":2},"end":{"line":154,"column":70}},"58":{"start":{"line":157,"column":2},"end":{"line":164,"column":16}},"59":{"start":{"line":158,"column":4},"end":{"line":163,"column":18}},"60":{"start":{"line":159,"column":6},"end":{"line":162,"column":7}},"61":{"start":{"line":160,"column":8},"end":{"line":160,"column":41}},"62":{"start":{"line":161,"column":8},"end":{"line":161,"column":54}},"63":{"start":{"line":167,"column":2},"end":{"line":167,"column":93}},"64":{"start":{"line":169,"column":2},"end":{"line":169,"column":65}},"65":{"start":{"line":172,"column":2},"end":{"line":172,"column":74}},"66":{"start":{"line":181,"column":0},"end":{"line":244,"column":2}},"67":{"start":{"line":182,"column":2},"end":{"line":182,"column":11}},"68":{"start":{"line":183,"column":2},"end":{"line":188,"column":3}},"69":{"start":{"line":184,"column":4},"end":{"line":184,"column":69}},"70":{"start":{"line":185,"column":4},"end":{"line":185,"column":27}},"71":{"start":{"line":186,"column":4},"end":{"line":186,"column":28}},"72":{"start":{"line":187,"column":4},"end":{"line":187,"column":11}},"73":{"start":{"line":190,"column":2},"end":{"line":190,"column":27}},"74":{"start":{"line":192,"column":2},"end":{"line":195,"column":4}},"75":{"start":{"line":196,"column":2},"end":{"line":196,"column":47}},"76":{"start":{"line":198,"column":2},"end":{"line":198,"column":59}},"77":{"start":{"line":200,"column":2},"end":{"line":209,"column":3}},"78":{"start":{"line":201,"column":4},"end":{"line":201,"column":32}},"79":{"start":{"line":202,"column":4},"end":{"line":205,"column":5}},"80":{"start":{"line":203,"column":6},"end":{"line":203,"column":42}},"81":{"start":{"line":204,"column":6},"end":{"line":204,"column":13}},"82":{"start":{"line":206,"column":4},"end":{"line":208,"column":5}},"83":{"start":{"line":207,"column":6},"end":{"line":207,"column":42}},"84":{"start":{"line":211,"column":2},"end":{"line":216,"column":3}},"85":{"start":{"line":212,"column":4},"end":{"line":215,"column":7}},"86":{"start":{"line":219,"column":2},"end":{"line":221,"column":3}},"87":{"start":{"line":220,"column":4},"end":{"line":220,"column":149}},"88":{"start":{"line":223,"column":2},"end":{"line":243,"column":16}},"89":{"start":{"line":224,"column":4},"end":{"line":226,"column":5}},"90":{"start":{"line":225,"column":6},"end":{"line":225,"column":39}},"91":{"start":{"line":228,"column":4},"end":{"line":234,"column":7}},"92":{"start":{"line":231,"column":8},"end":{"line":231,"column":44}},"93":{"start":{"line":232,"column":8},"end":{"line":232,"column":53}},"94":{"start":{"line":236,"column":4},"end":{"line":238,"column":5}},"95":{"start":{"line":237,"column":6},"end":{"line":237,"column":39}},"96":{"start":{"line":240,"column":4},"end":{"line":240,"column":53}},"97":{"start":{"line":241,"column":4},"end":{"line":241,"column":33}},"98":{"start":{"line":242,"column":4},"end":{"line":242,"column":26}},"99":{"start":{"line":251,"column":0},"end":{"line":284,"column":2}},"100":{"start":{"line":252,"column":2},"end":{"line":252,"column":51}},"101":{"start":{"line":253,"column":2},"end":{"line":253,"column":25}},"102":{"start":{"line":255,"column":2},"end":{"line":259,"column":3}},"103":{"start":{"line":256,"column":4},"end":{"line":256,"column":43}},"104":{"start":{"line":257,"column":4},"end":{"line":257,"column":66}},"105":{"start":{"line":258,"column":4},"end":{"line":258,"column":28}},"106":{"start":{"line":261,"column":2},"end":{"line":278,"column":3}},"107":{"start":{"line":262,"column":4},"end":{"line":262,"column":61}},"108":{"start":{"line":263,"column":4},"end":{"line":263,"column":32}},"109":{"start":{"line":264,"column":4},"end":{"line":266,"column":5}},"110":{"start":{"line":265,"column":6},"end":{"line":265,"column":36}},"111":{"start":{"line":267,"column":4},"end":{"line":269,"column":5}},"112":{"start":{"line":268,"column":6},"end":{"line":268,"column":40}},"113":{"start":{"line":271,"column":4},"end":{"line":277,"column":5}},"114":{"start":{"line":272,"column":6},"end":{"line":272,"column":34}},"115":{"start":{"line":274,"column":6},"end":{"line":276,"column":7}},"116":{"start":{"line":275,"column":8},"end":{"line":275,"column":42}},"117":{"start":{"line":280,"column":2},"end":{"line":283,"column":3}},"118":{"start":{"line":281,"column":4},"end":{"line":281,"column":45}},"119":{"start":{"line":282,"column":4},"end":{"line":282,"column":71}},"120":{"start":{"line":291,"column":0},"end":{"line":309,"column":1}},"121":{"start":{"line":293,"column":2},"end":{"line":295,"column":3}},"122":{"start":{"line":294,"column":4},"end":{"line":294,"column":11}},"123":{"start":{"line":297,"column":2},"end":{"line":297,"column":21}},"124":{"start":{"line":298,"column":2},"end":{"line":298,"column":46}},"125":{"start":{"line":300,"column":2},"end":{"line":308,"column":16}},"126":{"start":{"line":302,"column":4},"end":{"line":304,"column":5}},"127":{"start":{"line":303,"column":6},"end":{"line":303,"column":69}},"128":{"start":{"line":306,"column":4},"end":{"line":306,"column":24}},"129":{"start":{"line":307,"column":4},"end":{"line":307,"column":64}},"130":{"start":{"line":316,"column":0},"end":{"line":330,"column":1}},"131":{"start":{"line":317,"column":2},"end":{"line":329,"column":16}},"132":{"start":{"line":318,"column":4},"end":{"line":327,"column":5}},"133":{"start":{"line":320,"column":6},"end":{"line":320,"column":90}},"134":{"start":{"line":323,"column":6},"end":{"line":325,"column":9}},"135":{"start":{"line":326,"column":6},"end":{"line":326,"column":52}},"136":{"start":{"line":328,"column":4},"end":{"line":328,"column":9}},"137":{"start":{"line":336,"column":0},"end":{"line":366,"column":2}},"138":{"start":{"line":337,"column":2},"end":{"line":339,"column":41}},"139":{"start":{"line":342,"column":2},"end":{"line":345,"column":3}},"140":{"start":{"line":343,"column":4},"end":{"line":343,"column":141}},"141":{"start":{"line":344,"column":4},"end":{"line":344,"column":48}},"142":{"start":{"line":347,"column":2},"end":{"line":347,"column":47}},"143":{"start":{"line":351,"column":2},"end":{"line":365,"column":16}},"144":{"start":{"line":355,"column":4},"end":{"line":355,"column":34}},"145":{"start":{"line":358,"column":4},"end":{"line":360,"column":5}},"146":{"start":{"line":359,"column":6},"end":{"line":359,"column":35}},"147":{"start":{"line":361,"column":4},"end":{"line":364,"column":18}},"148":{"start":{"line":362,"column":6},"end":{"line":362,"column":27}},"149":{"start":{"line":363,"column":6},"end":{"line":363,"column":34}},"150":{"start":{"line":372,"column":0},"end":{"line":381,"column":2}},"151":{"start":{"line":373,"column":2},"end":{"line":380,"column":15}},"152":{"start":{"line":374,"column":4},"end":{"line":376,"column":5}},"153":{"start":{"line":375,"column":6},"end":{"line":375,"column":62}},"154":{"start":{"line":379,"column":4},"end":{"line":379,"column":50}},"155":{"start":{"line":389,"column":0},"end":{"line":391,"column":2}},"156":{"start":{"line":390,"column":2},"end":{"line":390,"column":41}}},"branchMap":{"1":{"line":21,"type":"if","locations":[{"start":{"line":21,"column":2},"end":{"line":21,"column":2}},{"start":{"line":21,"column":2},"end":{"line":21,"column":2}}]},"2":{"line":34,"type":"binary-expr","locations":[{"start":{"line":34,"column":12},"end":{"line":34,"column":19}},{"start":{"line":34,"column":23},"end":{"line":34,"column":25}}]},"3":{"line":42,"type":"binary-expr","locations":[{"start":{"line":42,"column":20},"end":{"line":42,"column":44}},{"start":{"line":42,"column":48},"end":{"line":42,"column":138}}]},"4":{"line":42,"type":"cond-expr","locations":[{"start":{"line":42,"column":102},"end":{"line":42,"column":115}},{"start":{"line":42,"column":118},"end":{"line":42,"column":124}}]},"5":{"line":45,"type":"if","locations":[{"start":{"line":45,"column":2},"end":{"line":45,"column":2}},{"start":{"line":45,"column":2},"end":{"line":45,"column":2}}]},"6":{"line":52,"type":"if","locations":[{"start":{"line":52,"column":2},"end":{"line":52,"column":2}},{"start":{"line":52,"column":2},"end":{"line":52,"column":2}}]},"7":{"line":65,"type":"binary-expr","locations":[{"start":{"line":65,"column":25},"end":{"line":65,"column":52}},{"start":{"line":65,"column":56},"end":{"line":65,"column":76}},{"start":{"line":65,"column":80},"end":{"line":65,"column":104}}]},"8":{"line":66,"type":"binary-expr","locations":[{"start":{"line":66,"column":25},"end":{"line":66,"column":52}},{"start":{"line":66,"column":56},"end":{"line":66,"column":76}}]},"9":{"line":67,"type":"binary-expr","locations":[{"start":{"line":67,"column":30},"end":{"line":67,"column":62}},{"start":{"line":67,"column":66},"end":{"line":67,"column":91}},{"start":{"line":67,"column":95},"end":{"line":67,"column":99}}]},"10":{"line":87,"type":"if","locations":[{"start":{"line":87,"column":2},"end":{"line":87,"column":2}},{"start":{"line":87,"column":2},"end":{"line":87,"column":2}}]},"11":{"line":93,"type":"if","locations":[{"start":{"line":93,"column":2},"end":{"line":93,"column":2}},{"start":{"line":93,"column":2},"end":{"line":93,"column":2}}]},"12":{"line":96,"type":"if","locations":[{"start":{"line":96,"column":9},"end":{"line":96,"column":9}},{"start":{"line":96,"column":9},"end":{"line":96,"column":9}}]},"13":{"line":100,"type":"if","locations":[{"start":{"line":100,"column":4},"end":{"line":100,"column":4}},{"start":{"line":100,"column":4},"end":{"line":100,"column":4}}]},"14":{"line":102,"type":"if","locations":[{"start":{"line":102,"column":11},"end":{"line":102,"column":11}},{"start":{"line":102,"column":11},"end":{"line":102,"column":11}}]},"15":{"line":105,"type":"binary-expr","locations":[{"start":{"line":105,"column":4},"end":{"line":105,"column":9}},{"start":{"line":105,"column":13},"end":{"line":105,"column":41}}]},"16":{"line":110,"type":"if","locations":[{"start":{"line":110,"column":2},"end":{"line":110,"column":2}},{"start":{"line":110,"column":2},"end":{"line":110,"column":2}}]},"17":{"line":111,"type":"if","locations":[{"start":{"line":111,"column":4},"end":{"line":111,"column":4}},{"start":{"line":111,"column":4},"end":{"line":111,"column":4}}]},"18":{"line":113,"type":"if","locations":[{"start":{"line":113,"column":11},"end":{"line":113,"column":11}},{"start":{"line":113,"column":11},"end":{"line":113,"column":11}}]},"19":{"line":126,"type":"if","locations":[{"start":{"line":126,"column":2},"end":{"line":126,"column":2}},{"start":{"line":126,"column":2},"end":{"line":126,"column":2}}]},"20":{"line":159,"type":"if","locations":[{"start":{"line":159,"column":6},"end":{"line":159,"column":6}},{"start":{"line":159,"column":6},"end":{"line":159,"column":6}}]},"21":{"line":167,"type":"binary-expr","locations":[{"start":{"line":167,"column":2},"end":{"line":167,"column":13}},{"start":{"line":167,"column":17},"end":{"line":167,"column":92}}]},"22":{"line":167,"type":"cond-expr","locations":[{"start":{"line":167,"column":62},"end":{"line":167,"column":68}},{"start":{"line":167,"column":71},"end":{"line":167,"column":78}}]},"23":{"line":169,"type":"binary-expr","locations":[{"start":{"line":169,"column":2},"end":{"line":169,"column":15}},{"start":{"line":169,"column":19},"end":{"line":169,"column":64}}]},"24":{"line":172,"type":"binary-expr","locations":[{"start":{"line":172,"column":3},"end":{"line":172,"column":22}},{"start":{"line":172,"column":27},"end":{"line":172,"column":73}}]},"25":{"line":172,"type":"binary-expr","locations":[{"start":{"line":172,"column":42},"end":{"line":172,"column":64}},{"start":{"line":172,"column":68},"end":{"line":172,"column":72}}]},"26":{"line":183,"type":"if","locations":[{"start":{"line":183,"column":2},"end":{"line":183,"column":2}},{"start":{"line":183,"column":2},"end":{"line":183,"column":2}}]},"27":{"line":184,"type":"binary-expr","locations":[{"start":{"line":184,"column":5},"end":{"line":184,"column":29}},{"start":{"line":184,"column":35},"end":{"line":184,"column":67}}]},"28":{"line":202,"type":"if","locations":[{"start":{"line":202,"column":4},"end":{"line":202,"column":4}},{"start":{"line":202,"column":4},"end":{"line":202,"column":4}}]},"29":{"line":219,"type":"if","locations":[{"start":{"line":219,"column":2},"end":{"line":219,"column":2}},{"start":{"line":219,"column":2},"end":{"line":219,"column":2}}]},"30":{"line":224,"type":"if","locations":[{"start":{"line":224,"column":4},"end":{"line":224,"column":4}},{"start":{"line":224,"column":4},"end":{"line":224,"column":4}}]},"31":{"line":236,"type":"if","locations":[{"start":{"line":236,"column":4},"end":{"line":236,"column":4}},{"start":{"line":236,"column":4},"end":{"line":236,"column":4}}]},"32":{"line":252,"type":"binary-expr","locations":[{"start":{"line":252,"column":2},"end":{"line":252,"column":17}},{"start":{"line":252,"column":21},"end":{"line":252,"column":50}}]},"33":{"line":256,"type":"binary-expr","locations":[{"start":{"line":256,"column":4},"end":{"line":256,"column":13}},{"start":{"line":256,"column":17},"end":{"line":256,"column":42}}]},"34":{"line":261,"type":"if","locations":[{"start":{"line":261,"column":2},"end":{"line":261,"column":2}},{"start":{"line":261,"column":2},"end":{"line":261,"column":2}}]},"35":{"line":261,"type":"binary-expr","locations":[{"start":{"line":261,"column":6},"end":{"line":261,"column":14}},{"start":{"line":261,"column":18},"end":{"line":261,"column":21}}]},"36":{"line":264,"type":"if","locations":[{"start":{"line":264,"column":4},"end":{"line":264,"column":4}},{"start":{"line":264,"column":4},"end":{"line":264,"column":4}}]},"37":{"line":264,"type":"binary-expr","locations":[{"start":{"line":264,"column":8},"end":{"line":264,"column":12}},{"start":{"line":264,"column":16},"end":{"line":264,"column":28}}]},"38":{"line":267,"type":"if","locations":[{"start":{"line":267,"column":4},"end":{"line":267,"column":4}},{"start":{"line":267,"column":4},"end":{"line":267,"column":4}}]},"39":{"line":274,"type":"if","locations":[{"start":{"line":274,"column":6},"end":{"line":274,"column":6}},{"start":{"line":274,"column":6},"end":{"line":274,"column":6}}]},"40":{"line":280,"type":"if","locations":[{"start":{"line":280,"column":2},"end":{"line":280,"column":2}},{"start":{"line":280,"column":2},"end":{"line":280,"column":2}}]},"41":{"line":293,"type":"if","locations":[{"start":{"line":293,"column":2},"end":{"line":293,"column":2}},{"start":{"line":293,"column":2},"end":{"line":293,"column":2}}]},"42":{"line":293,"type":"binary-expr","locations":[{"start":{"line":293,"column":6},"end":{"line":293,"column":25}},{"start":{"line":293,"column":29},"end":{"line":293,"column":42}}]},"43":{"line":302,"type":"if","locations":[{"start":{"line":302,"column":4},"end":{"line":302,"column":4}},{"start":{"line":302,"column":4},"
[...]
1,"column":6},"end":{"line":101,"column":73}},"45":{"start":{"line":104,"column":4},"end":{"line":104,"column":19}},"46":{"start":{"line":114,"column":0},"end":{"line":122,"column":2}},"47":{"start":{"line":115,"column":2},"end":{"line":121,"column":4}},"48":{"start":{"line":116,"column":4},"end":{"line":118,"column":5}},"49":{"start":{"line":117,"column":6},"end":{"line":117,"column":21}},"50":{"start":{"line":120,"column":4},"end":{"line":120,"column":38}},"51":{"start":{"line":130,"column":0},"end":{"line":160,"column":2}},"52":{"start":{"line":131,"column":4},"end":{"line":131,"column":39}},"53":{"start":{"line":133,"column":4},"end":{"line":145,"column":5}},"54":{"start":{"line":134,"column":6},"end":{"line":134,"column":50}},"55":{"start":{"line":135,"column":6},"end":{"line":135,"column":50}},"56":{"start":{"line":136,"column":6},"end":{"line":136,"column":19}},"57":{"start":{"line":138,"column":6},"end":{"line":139,"column":37}},"58":{"start":{"line":141,"column":6},"end":{"line":143,"column":7}},"59":{"start":{"line":142,"column":8},"end":{"line":142,"column":38}},"60":{"start":{"line":144,"column":6},"end":{"line":144,"column":21}},"61":{"start":{"line":147,"column":4},"end":{"line":155,"column":7}},"62":{"start":{"line":148,"column":6},"end":{"line":150,"column":7}},"63":{"start":{"line":149,"column":8},"end":{"line":149,"column":23}},"64":{"start":{"line":152,"column":6},"end":{"line":152,"column":52}},"65":{"start":{"line":153,"column":6},"end":{"line":153,"column":52}},"66":{"start":{"line":154,"column":6},"end":{"line":154,"column":28}},"67":{"start":{"line":157,"column":4},"end":{"line":159,"column":7}},"68":{"start":{"line":158,"column":6},"end":{"line":158,"column":14}},"69":{"start":{"line":170,"column":0},"end":{"line":187,"column":2}},"70":{"start":{"line":172,"column":2},"end":{"line":174,"column":3}},"71":{"start":{"line":173,"column":4},"end":{"line":173,"column":58}},"72":{"start":{"line":175,"column":2},"end":{"line":186,"column":5}},"73":{"start":{"line":176,"column":4},"end":{"line":178,"column":5}},"74":{"start":{"line":177,"column":6},"end":{"line":177,"column":21}},"75":{"start":{"line":180,"column":4},"end":{"line":180,"column":40}},"76":{"start":{"line":181,"column":4},"end":{"line":185,"column":5}},"77":{"start":{"line":182,"column":6},"end":{"line":182,"column":15}},"78":{"start":{"line":184,"column":6},"end":{"line":184,"column":21}},"79":{"start":{"line":195,"column":0},"end":{"line":227,"column":1}},"80":{"start":{"line":196,"column":2},"end":{"line":198,"column":3}},"81":{"start":{"line":197,"column":4},"end":{"line":197,"column":72}},"82":{"start":{"line":200,"column":2},"end":{"line":203,"column":5}},"83":{"start":{"line":206,"column":2},"end":{"line":208,"column":5}},"84":{"start":{"line":207,"column":4},"end":{"line":207,"column":30}},"85":{"start":{"line":211,"column":2},"end":{"line":219,"column":5}},"86":{"start":{"line":212,"column":4},"end":{"line":212,"column":33}},"87":{"start":{"line":213,"column":4},"end":{"line":215,"column":7}},"88":{"start":{"line":214,"column":6},"end":{"line":214,"column":39}},"89":{"start":{"line":216,"column":4},"end":{"line":218,"column":5}},"90":{"start":{"line":217,"column":6},"end":{"line":217,"column":22}},"91":{"start":{"line":222,"column":2},"end":{"line":225,"column":5}},"92":{"start":{"line":223,"column":4},"end":{"line":223,"column":22}},"93":{"start":{"line":224,"column":4},"end":{"line":224,"column":53}},"94":{"start":{"line":226,"column":2},"end":{"line":226,"column":14}}},"branchMap":{"1":{"line":42,"type":"binary-expr","locations":[{"start":{"line":42,"column":4},"end":{"line":42,"column":13}},{"start":{"line":42,"column":18},"end":{"line":42,"column":43}}]},"2":{"line":46,"type":"if","locations":[{"start":{"line":46,"column":6},"end":{"line":46,"column":6}},{"start":{"line":46,"column":6},"end":{"line":46,"column":6}}]},"3":{"line":52,"type":"if","locations":[{"start":{"line":52,"column":8},"end":{"line":52,"column":8}},{"start":{"line":52,"column":8},"end":{"line":52,"column":8}}]},"4":{"line":54,"type":"cond-expr","locations":[{"start":{"line":54,"column":40},"end":{"line":54,"column":43}},{"start":{"line":54,"column":46},"end":{"line":54,"column":49}}]},"5":{"line":54,"type":"binary-expr","locations":[{"start":{"line":54,"column":26},"end":{"line":54,"column":30}},{"start":{"line":54,"column":34},"end":{"line":54,"column":37}}]},"6":{"line":68,"type":"if","locations":[{"start":{"line":68,"column":6},"end":{"line":68,"column":6}},{"start":{"line":68,"column":6},"end":{"line":68,"column":6}}]},"7":{"line":89,"type":"if","locations":[{"start":{"line":89,"column":4},"end":{"line":89,"column":4}},{"start":{"line":89,"column":4},"end":{"line":89,"column":4}}]},"8":{"line":92,"type":"if","locations":[{"start":{"line":92,"column":4},"end":{"line":92,"column":4}},{"start":{"line":92,"column":4},"end":{"line":92,"column":4}}]},"9":{"line":92,"type":"binary-expr","locations":[{"start":{"line":92,"column":8},"end":{"line":92,"column":14}},{"start":{"line":92,"column":18},"end":{"line":92,"column":35}}]},"10":{"line":97,"type":"binary-expr","locations":[{"start":{"line":97,"column":13},"end":{"line":97,"column":14}},{"start":{"line":97,"column":18},"end":{"line":97,"column":29}}]},"11":{"line":100,"type":"if","locations":[{"start":{"line":100,"column":4},"end":{"line":100,"column":4}},{"start":{"line":100,"column":4},"end":{"line":100,"column":4}}]},"12":{"line":116,"type":"if","locations":[{"start":{"line":116,"column":4},"end":{"line":116,"column":4}},{"start":{"line":116,"column":4},"end":{"line":116,"column":4}}]},"13":{"line":138,"type":"binary-expr","locations":[{"start":{"line":138,"column":20},"end":{"line":138,"column":24}},{"start":{"line":138,"column":28},"end":{"line":138,"column":40}}]},"14":{"line":141,"type":"if","locations":[{"start":{"line":141,"column":6},"end":{"line":141,"column":6}},{"start":{"line":141,"column":6},"end":{"line":141,"column":6}}]},"15":{"line":141,"type":"binary-expr","locations":[{"start":{"line":141,"column":10},"end":{"line":141,"column":26}},{"start":{"line":141,"column":30},"end":{"line":141,"column":37}},{"start":{"line":141,"column":41},"end":{"line":141,"column":72}}]},"16":{"line":148,"type":"if","locations":[{"start":{"line":148,"column":6},"end":{"line":148,"column":6}},{"start":{"line":148,"column":6},"end":{"line":148,"column":6}}]},"17":{"line":172,"type":"if","locations":[{"start":{"line":172,"column":2},"end":{"line":172,"column":2}},{"start":{"line":172,"column":2},"end":{"line":172,"column":2}}]},"18":{"line":176,"type":"if","locations":[{"start":{"line":176,"column":4},"end":{"line":176,"column":4}},{"start":{"line":176,"column":4},"end":{"line":176,"column":4}}]},"19":{"line":181,"type":"if","locations":[{"start":{"line":181,"column":4},"end":{"line":181,"column":4}},{"start":{"line":181,"column":4},"end":{"line":181,"column":4}}]},"20":{"line":196,"type":"if","locations":[{"start":{"line":196,"column":2},"end":{"line":196,"column":2}},{"start":{"line":196,"column":2},"end":{"line":196,"column":2}}]},"21":{"line":216,"type":"if","locations":[{"start":{"line":216,"column":4},"end":{"line":216,"column":4}},{"start":{"line":216,"column":4},"end":{"line":216,"column":4}}]}},"code":["var childProcess = require('child_process'),","    fs           = require('fs'),","    path         = require('path'),","    nssock       = require('nssocket'),","    _            = require('lodash'),","    async        = require('async'),","    stat         = require('./stat'),","    isWindows    = process.env.platform == 'win32';","","/**"," * Forever lib."," * @type {{}}"," */","var pm = module.exports = {};","","/**"," * List available processes."," * @param {String} sockPath"," * @param {Function} cb"," * @param {Boolean} ignoreMem"," */","pm.list = function(sockPath, cb, ignoreMem){","  var socks;","  try {","    var getTick = function(sockName){","      return parseFloat(sockName.slice(sockName.indexOf('.') + 1, sockName.lastIndexOf('.') - 3));","    };","    // Read socket paths and sort them by ctime.","    socks = fs.readdirSync(sockPath).filter(function(sock){","      return /\\.sock$/.test(sock);","    }).sort(function(sock1, sock2){","      return getTick(sock1) - getTick(sock2);","    });","    getTick = null;","  } catch (err) {","    cb(err);","  }","","  // Query information.","  async.mapSeries(socks, function(sock, next){","    var sp = path.join(sockPath, sock);","    isWindows && (sp = '\\\\\\\\.\\\\pipe\\\\' + sp);","","    var socket = new nssock.NsSocket();","    socket.connect(sp, function(err){","      if (err) {","        return next(err);","      }","","      socket.dataOnce(['data'], function(data){","        data.socket = sp;","        if(!ignoreMem) {","          stat.memoryUsage(data.pid, function(err, mem){","            data.memory = !err && mem ? mem : '0';","            socket.end();","            next(null, data);","          });","        }else{","          socket.end();","          next(null, data);","        }","      });","","      socket.send(['data']);","    });","","    socket.on('error', function(err){","      if (err.code === 'ECONNREFUSED') {","        // Remove dumps.","        fs.unlink(sp, function(){","          next();","        });","      } else {","        next();","      }","    });","  }, cb);","};","","/**"," * Find process by uid."," * @param {String} sockPath"," * @param {String} id"," * @param {Function} cb"," * @private"," */","pm._findById = function(sockPath, id, cb){","  pm.list(sockPath, function(err, procs){","    if(err){","      return cb(err);","    }","    if (!procs || procs.length == 0) {","      return cb(new Error('No forever process running, the sockPath is \"' + sockPath + '\", please make sure it is existing!'));","    }","","    var proc = _.find(procs, function(p){","      return p && p.uid == id;","    });","","    if (!proc) {","      return cb(new Error('Can not find forever process by UID: ' + id));","    }","","    cb(null, proc);","  }, true);","}","","/**"," * Trigger actions of process by uid."," * @param {String} sockPath"," * @param {String} uid"," * @param {Function} cb"," */","pm.action = function(sockPath, action, uid, cb){","  pm._findById(sockPath, uid, function(err, proc){","    if(err){","      return cb(err);","    }","","    pm._actionByUid(proc, action, cb);","  })","};","","/**"," * Trigger actions of process by uid."," * @param {Object} proc"," * @param {Function} cb"," * @private"," */","pm._actionByUid = function(proc, action, cb){","    var socket = new nssock.NsSocket();","","    function onMessage(data) {","      socket.undata([action, 'ok'],    onMessage);","      socket.undata([action, 'error'], onMessage);","      socket.end();","","      var message = data && data.message,","          type    = this.event.pop();","","      if (type === 'error' && message && !/is not running/.test(message)) {","        return cb(new Error(message));","      }","      cb(null, data);","    }","","    socket.connect(proc.socket, function (err) {","      if (err) {","        return cb(err);","      }","","      socket.dataOnce([action, 'ok'],    onMessage);","      socket.dataOnce([action, 'error'], onMessage);","      socket.send([action]);","    });","","    socket.on('error', function (err) {","      cb(err);","    });","};","","/**"," * Tail logs."," * @param {String} sockPath"," * @param {String} uid"," * @param {Function} each Iterator"," * @param {Function} cb"," * @returns {*}"," */","pm.tail = function(sockPath, uid, each, cb){","  // TODO: PR in demand, Windows doesn't support `tail`.","  if (isWindows) {","    return cb(new Error('Logs can not work on Windows.'));","  }","  pm._findById(sockPath, uid, function(err, proc){","    if(err){","      return cb(err);","    }","    // Tail logs.","    var tail = pm._tailLogs(proc, each);","    if (tail instanceof Error) {","      cb(tail);","    } else {","      cb(null, tail);","    }","  });","};","/**"," * Use linux `tail` command to grep logs."," * @param {Object} proc"," * @param {Function} cb"," * @returns {*}"," * @private"," */","pm._tailLogs = function(proc, cb){","  if (!fs.existsSync(proc.logFile)) {","    return new Error('Log file \"' + proc.logFile + '\" does not exist.');","  }","","  var tail = childProcess.spawn('tail', ['-f', '-n', 10, proc.logFile], {","    killSignal: 'SIGTERM',","    stdio     : [null, 'pipe', 'pipe']","  });","","  // Use utf8 encoding.","  tail.stdio.forEach(function(stdio){","    stdio.setEncoding('utf8');","  });","","  // stdout.","  tail.stdout.on('data', function(data){","    var lines = data.split(/\\n/);","    lines = lines.filter(function(line){","      return !/^[\\s\\r\\t]*$/.test(line);","    });","    if (lines.length > 0) {","      cb(null, lines);","    }","  });","","  // handle error.","  tail.stderr.on('data', function(data){","    tail.disconnect();","    cb(new Error(data.toString().replace(/\\n/, '')));","  });","  return tail;","}",""],"l":{"1":2,"14":0,"22":0,"23":0,"24":0,"25":0,"26":0,"29":0,"30":0,"32":0,"34":0,"36":0,"40":0,"41":0,"42":0,"44":0,"45":0,"46":0,"47":0,"50":0,"51":0,"52":0,"53":0,"54":0,"55":0,"56":0,"59":0,"60":0,"64":0,"67":0,"68":0,"70":0,"71":0,"74":0,"87":0,"88":0,"89":0,"90":0,"92":0,"93":0,"96":0,"97":0,"100":0,"101":0,"104":0,"114":0,"115":0,"116":0,"117":0,"120":0,"130":0,"131":0,"133":1,"134":0,"135":0,"136":0,"138":0,"141":0,"142":0,"144":0,"147":0,"148":0,"149":0,"152":0,"153":0,"154":0,"157":0,"158":0,"170":0,"172":0,"173":0,"175":0,"176":0,"177":0,"180":0,"181":0,"182":0,"184":0,"195":0,"196":0,"197":0,"200":0,"206":0,"207":0,"211":0,"212":0,"213":0,"214":0,"216":0,"217":0,"222":0,"223":0,"224":0,"226":0}},"/home/travis/build/npmtest/node-npmtest-forever-web/node_modules/forever-web/lib/util/router.js":{"path":"/home/travis/build/npmtest/node-npmtest-forever-web/node_modules/forever-web/lib/util/router.js","s":{"1":1,"2":1,"3":1,"4":2,"5":2,"6":2,"7":2,"8":0,"9":0,"10":0,"11":2,"12":0,"13":2,"14":1,"15":1,"16":0,"17":0,"18":0,"19":0,"20":0,"21":0,"22":0,"23":0,"24":0,"25":0,"26":0},"b":{"1":[2,0],"2":[0,0],"3":[0,2],"4":[2,2,2],"5":[0,0],"6":[0,0],"7":[0,0]},"f":{"1":2,"2":0,"3":0,"4":0,"5":0},"fnMap":{"1":{"name":"(anonymous_1)","line":10,"loc":{"start":{"line":10,"column":16},"end":{"line":10,"column":46}}},"2":{"name":"(anonymous_2)","line":31,"loc":{"start":{"line":31,"column":17},"end":{"line":31,"column":40}}},"3":{"name":"(anonymous_3)","line":32,"loc":{"start":{"line":32,"column":31},"end":{"line":32,"column":44}}},"4":{"name":"(anonymous_4)","line":40,"loc":{"start":{"line":40,"column":17},"end":{"line":40,"column":34}}},"5":{"name":"(anonymous_5)","line":42,"loc":{"start":{"line":42,"column":37},"end":{"line":42,"column":61}}}},"statementMap":{"1":{"start":{"line":1,"column":0},"end":{"line":5,"column":23}},"2":{"start":{"line":7,"column":0},"end":{"line":7,"column":15}},"3":{"start":{"line":10,"column":0},"end":{"line":27,"column":2}},"4":{"start":{"line":11,"column":2},"end":{"line":18,"column":3}},"5":{"start":{"line":12,"column":4},"end":{"line":12,"column":18}},"6":{"start":{"line":13,"column":4},"end":{"line":13,"column":19}},"7":{"start":{"line":14,"column":4},"end":{"line":14,"column":21}},"8":{"start":{"line":15,"column":9},"end":{"line":18,"column":3}},"9":{"start":{"line":16,"column":4},"end":{"line":16,"column":16}},"10":{"start":{"line":17,"column":4},"end":{"line":17,"column":21}},"11":{"start":{"line":19,"column":2},"end":{"line":21,"column":3}},"12":{"start":{"line":20,"column":4},"end":{"line":20,"column":133}},"13":{"start":{"line":22,"column":2},"end":{"line":26,"column":5}},"14":{"start":{"line":29,"column":0},"end":{"line":29,"column":59}},"15":{"start":{"line":31,"column":0},"end":{"line":47,"column":2}},"16":{"start":{"line":32,"column":2},"end":{"line":39,"column":5}},"17":{"start":{"line":33,"column":4},"end":{"line":35,"column":5}},"18":{"start":{"line":34,"column":6},"end":{"line":34,"column":13}},"19":{"start":{"line":36,"column":4},"end":{"line":36,"column":50}},"20":{"start":{"line":37,"column":4},"end":{"line":37,"column":35}},"21":{"start":{"line":38,"column":4},"end":{"line":38,"column":31}},"22":{"start":{"line":40,"column":2},"end":{"line":46,"column":5}},"23":{"start":{"line":41,"column":4},"end":{"line":41,"column":98}},"24":{"start":{"line":42,"column":4},"end":{"line":45,"column":17}},"25":{"start":{"line":43,"column":6},"end":{"line":43,"column":20}},"26":{"start":{"line":44,"column":6},"end":{"line":44,"column":13}}},"branchMap":{"1":{"line":11,"type":"if","locations":[{"start":{"line":11,"column":2},"end":{"line":11,"column":2}},{"start":{"line":11,"column":2},"end":{"line":11,"column":2}}]},"2":{"line":15,"type":"if","locations":[{"start":{"line":15,"column":9},"end":{"line":15,"column":9}},{"start":{"line":15,"column":9},"end":{"line":15,"column":9}}]},"3":{"line":19,"type":"if","locations":[{"start":{"line":19,"column":2},"end":{"line":19,"column":2}},{"start":{"line":19,"column":2},"end":{"line":19,"column":2}}]},"4":{"line":19,"type":"binary-expr","locations":[{"start":{"line":19,"column":6},"end":{"line":19,"column":31}},{"start":{"line":19,"column":35},"end":{"line":19,"column":58}},{"start":{"line":19,"column":62},"end":{"line":19,"column":87}}]},"5":{"line":24,"type":"cond-expr","locations":[{"start":{"line":24,"column":70},"end":{"line":24,"column":72}},{"start":{"line":24,"column":73},"end":{"line":24,"column":85}}]},"6":{"line":24,"type":"cond-expr","locations":[{"start":{"line":24,"column":97},"end":{"line":24,"column":107}},{"start":{"line":24,"column":110},"end":{"line":24,"column":112}}]},"7":{"line":33,"type":"if","locations":[{"start":{"line":33,"column":4},"end":{"line":33,"column":4}},{"start":{"line":33,"column":4},"end":{"line":33,"column":4}}]}},"code":["var _ = require('lodash'),","  path = require('path'),","  chalk = require('chalk'),","  fs = require('fs'),","  url = require('url');","","var routes = []","","// bind actions.","global.action = function (method, path, func) {","  if (typeof method == 'function') {","    func = method;","    method = 'get';","    path = func.name;","  } else if (typeof path == 'function') {","    func = path;","    path = func.name;","  }","  if (typeof method != 'string' || typeof path != 'string' || typeof func != 'function') {","    throw new Error('Arguments of action() should be one of `[FUNCTION]` / `[METHOD], [FUNCTION]` / `[METHOD], [PATH], [FUNCTION]`.')","  }","  routes.push({","    method: method,","    path: '/' + (!!~['index', 'home', 'main'].indexOf(__route_root) ? '':__route_root) + (path ? '/' + path : ''),","    fn: func","  });","};","","var _cwd = path.resolve(__dirname, '../../', 'web/routes');","// initialize.","module.exports = function (server, log) {","  fs.readdirSync(_cwd).forEach(function (f) {","    if(path.extname(f) != '.js'){","      return;","    }","    global.__route_root = path.basename(f, '.js');","    require(path.resolve(_cwd, f));","    delete global.__route_root;","  });","  routes.forEach(function (route) {","    log.i('hook', chalk.bold.green(route.method.toUpperCase()), chalk.underline.grey(route.path));","    server[route.method](route.path, function(req, res, next){","      req.log = log;","      next();","    }, route.fn);","  });","};"],"l":{"1":1,"7":1,"10":1,"11":2,"12":2,"13":2,"14":2,"15":0,"16":0,"17":0,"19":2,"20":0,"22":2,"29":1,"31":1,"32":0,"33":0,"34":0,"36":0,"37":0,"38":0,"40":0,"41":0,"42":0,"43":0,"44":0}},"/home/travis/build/npmtest/node-npmtest-forever-web/node_modules/forever-web/web/routes/api.js":{"path":"/home/travis/build/npmtest/node-npmtest-forever-web/node_modules/forever-web/web/routes/api.js","s":{"1":2},"b":{},"f":{"1":0},"fnMap":{"1":{"name":"system","line":1,"loc":{"start":{"line":1,"column":7},"end":{"line":1,"column":32}}}},"statementMap":{"1":{"start":{"line":1,"column":0},"end":{"line":3,"column":3}}},"branchMap":{},"code":["action(function system(req, res){","","});"],"l":{"1":2}}}